<?xml version="1.0" encoding="UTF-8"?>
<coverage generated="1746448721986" clover="3.2.0">
  <project timestamp="1746448721986" name="All files">
    <metrics statements="168" coveredstatements="126" conditionals="100" coveredconditionals="52" methods="13" coveredmethods="11" elements="281" coveredelements="189" complexity="0" loc="168" ncloc="168" packages="1" files="3" classes="3"/>
    <file name="adminService.ts" path="/home/ajojotank/Documents/Software-Design/v3/cicada-inquiry-assist/src/services/api/adminService.ts">
      <metrics statements="9" coveredstatements="9" conditionals="2" coveredconditionals="2" methods="1" coveredmethods="1"/>
      <line num="9" count="2" type="stmt"/>
      <line num="10" count="3" type="stmt"/>
      <line num="11" count="3" type="stmt"/>
      <line num="13" count="2" type="cond" truecount="2" falsecount="0"/>
      <line num="14" count="1" type="stmt"/>
      <line num="15" count="1" type="stmt"/>
      <line num="18" count="1" type="stmt"/>
      <line num="20" count="2" type="stmt"/>
      <line num="22" count="2" type="stmt"/>
    </file>
    <file name="chatService.ts" path="/home/ajojotank/Documents/Software-Design/v3/cicada-inquiry-assist/src/services/api/chatService.ts">
      <metrics statements="63" coveredstatements="63" conditionals="32" coveredconditionals="25" methods="2" coveredmethods="2"/>
      <line num="5" count="2" type="stmt"/>
      <line num="24" count="2" type="stmt"/>
      <line num="29" count="7" type="stmt"/>
      <line num="32" count="7" type="stmt"/>
      <line num="33" count="7" type="stmt"/>
      <line num="34" count="7" type="stmt"/>
      <line num="35" count="6" type="cond" truecount="2" falsecount="0"/>
      <line num="36" count="2" type="stmt"/>
      <line num="37" count="2" type="stmt"/>
      <line num="39" count="4" type="stmt"/>
      <line num="42" count="1" type="stmt"/>
      <line num="47" count="7" type="stmt"/>
      <line num="48" count="7" type="cond" truecount="2" falsecount="0"/>
      <line num="49" count="2" type="stmt"/>
      <line num="56" count="1" type="stmt"/>
      <line num="59" count="1" type="stmt"/>
      <line num="63" count="7" type="cond" truecount="2" falsecount="0"/>
      <line num="68" count="7" type="stmt"/>
      <line num="75" count="7" type="stmt"/>
      <line num="85" count="7" type="stmt"/>
      <line num="87" count="7" type="cond" truecount="2" falsecount="0"/>
      <line num="88" count="1" type="stmt"/>
      <line num="89" count="1" type="stmt"/>
      <line num="93" count="6" type="stmt"/>
      <line num="94" count="6" type="stmt"/>
      <line num="95" count="6" type="stmt"/>
      <line num="96" count="6" type="stmt"/>
      <line num="97" count="6" type="stmt"/>
      <line num="99" count="6" type="stmt"/>
      <line num="101" count="6" type="stmt"/>
      <line num="102" count="14" type="stmt"/>
      <line num="103" count="14" type="cond" truecount="2" falsecount="0"/>
      <line num="104" count="1" type="stmt"/>
      <line num="105" count="1" type="stmt"/>
      <line num="108" count="13" type="stmt"/>
      <line num="109" count="13" type="stmt"/>
      <line num="110" count="13" type="cond" truecount="2" falsecount="0"/>
      <line num="112" count="13" type="stmt"/>
      <line num="113" count="13" type="cond" truecount="1" falsecount="1"/>
      <line num="115" count="13" type="stmt"/>
      <line num="116" count="13" type="stmt"/>
      <line num="117" count="13" type="cond" truecount="1" falsecount="1"/>
      <line num="119" count="13" type="cond" truecount="2" falsecount="0"/>
      <line num="121" count="13" type="cond" truecount="4" falsecount="0"/>
      <line num="123" count="5" type="stmt"/>
      <line num="124" count="5" type="stmt"/>
      <line num="125" count="5" type="stmt"/>
      <line num="127" count="3" type="cond" truecount="1" falsecount="1"/>
      <line num="128" count="3" type="stmt"/>
      <line num="129" count="3" type="stmt"/>
      <line num="130" count="3" type="stmt"/>
      <line num="132" count="4" type="stmt"/>
      <line num="133" count="4" type="stmt"/>
      <line num="137" count="4" type="stmt"/>
      <line num="138" count="4" type="stmt"/>
      <line num="141" count="1" type="cond" truecount="1" falsecount="1"/>
      <line num="142" count="1" type="stmt"/>
      <line num="143" count="1" type="stmt"/>
      <line num="144" count="1" type="stmt"/>
      <line num="151" count="1" type="stmt"/>
      <line num="152" count="1" type="stmt"/>
      <line num="156" count="1" type="stmt"/>
      <line num="157" count="1" type="stmt"/>
    </file>
    <file name="folderService.ts" path="/home/ajojotank/Documents/Software-Design/v3/cicada-inquiry-assist/src/services/api/folderService.ts">
      <metrics statements="96" coveredstatements="54" conditionals="66" coveredconditionals="25" methods="10" coveredmethods="8"/>
      <line num="10" count="3" type="cond" truecount="0" falsecount="1"/>
      <line num="11" count="2" type="cond" truecount="2" falsecount="0"/>
      <line num="12" count="1" type="stmt"/>
      <line num="14" count="1" type="stmt"/>
      <line num="19" count="1" type="cond" truecount="1" falsecount="1"/>
      <line num="22" count="1" type="stmt"/>
      <line num="23" count="4" type="stmt"/>
      <line num="25" count="4" type="stmt"/>
      <line num="27" count="1" type="stmt"/>
      <line num="29" count="0" type="stmt"/>
      <line num="30" count="0" type="stmt"/>
      <line num="34" count="1" type="stmt"/>
      <line num="80" count="3" type="stmt"/>
      <line num="82" count="1" type="stmt"/>
      <line num="85" count="1" type="stmt"/>
      <line num="86" count="4" type="cond" truecount="1" falsecount="1"/>
      <line num="89" count="4" type="stmt"/>
      <line num="92" count="4" type="stmt"/>
      <line num="93" count="8" type="stmt"/>
      <line num="94" count="8" type="stmt"/>
      <line num="97" count="8" type="cond" truecount="2" falsecount="0"/>
      <line num="98" count="5" type="stmt"/>
      <line num="108" count="1" type="stmt"/>
      <line num="110" count="1" type="stmt"/>
      <line num="111" count="5" type="stmt"/>
      <line num="112" count="5" type="stmt"/>
      <line num="114" count="5" type="cond" truecount="2" falsecount="0"/>
      <line num="116" count="2" type="stmt"/>
      <line num="119" count="3" type="stmt"/>
      <line num="120" count="3" type="stmt"/>
      <line num="123" count="3" type="cond" truecount="3" falsecount="1"/>
      <line num="124" count="3" type="stmt"/>
      <line num="129" count="1" type="stmt"/>
      <line num="139" count="3" type="cond" truecount="0" falsecount="1"/>
      <line num="140" count="2" type="cond" truecount="2" falsecount="0"/>
      <line num="141" count="1" type="stmt"/>
      <line num="144" count="1" type="stmt"/>
      <line num="146" count="1" type="cond" truecount="2" falsecount="0"/>
      <line num="149" count="1" type="cond" truecount="3" falsecount="1"/>
      <line num="151" count="0" type="stmt"/>
      <line num="152" count="0" type="stmt"/>
      <line num="156" count="1" type="cond" truecount="1" falsecount="1"/>
      <line num="158" count="1" type="stmt"/>
      <line num="161" count="1" type="stmt"/>
      <line num="167" count="1" type="cond" truecount="1" falsecount="1"/>
      <line num="169" count="1" type="cond" truecount="3" falsecount="1"/>
      <line num="170" count="1" type="stmt"/>
      <line num="174" count="0" type="stmt"/>
      <line num="175" count="0" type="cond" truecount="0" falsecount="2"/>
      <line num="176" count="0" type="stmt"/>
      <line num="180" count="0" type="stmt"/>
      <line num="193" count="0" type="cond" truecount="0" falsecount="2"/>
      <line num="196" count="0" type="stmt"/>
      <line num="202" count="0" type="stmt"/>
      <line num="204" count="1" type="stmt"/>
      <line num="205" count="1" type="stmt"/>
      <line num="216" count="3" type="cond" truecount="0" falsecount="1"/>
      <line num="217" count="0" type="cond" truecount="0" falsecount="2"/>
      <line num="218" count="0" type="stmt"/>
      <line num="221" count="0" type="stmt"/>
      <line num="223" count="0" type="stmt"/>
      <line num="224" count="0" type="cond" truecount="0" falsecount="2"/>
      <line num="225" count="0" type="stmt"/>
      <line num="228" count="0" type="cond" truecount="0" falsecount="2"/>
      <line num="231" count="0" type="stmt"/>
      <line num="237" count="0" type="cond" truecount="0" falsecount="2"/>
      <line num="239" count="0" type="cond" truecount="0" falsecount="4"/>
      <line num="240" count="0" type="stmt"/>
      <line num="244" count="0" type="stmt"/>
      <line num="245" count="0" type="cond" truecount="0" falsecount="2"/>
      <line num="246" count="0" type="stmt"/>
      <line num="250" count="0" type="stmt"/>
      <line num="257" count="0" type="cond" truecount="0" falsecount="2"/>
      <line num="260" count="0" type="stmt"/>
      <line num="266" count="0" type="cond" truecount="0" falsecount="2"/>
      <line num="269" count="0" type="cond" truecount="0" falsecount="2"/>
      <line num="270" count="0" type="stmt"/>
      <line num="271" count="0" type="stmt"/>
      <line num="279" count="0" type="stmt"/>
      <line num="285" count="0" type="stmt"/>
      <line num="287" count="0" type="stmt"/>
      <line num="288" count="0" type="stmt"/>
      <line num="298" count="3" type="cond" truecount="0" falsecount="1"/>
      <line num="299" count="1" type="cond" truecount="1" falsecount="1"/>
      <line num="300" count="0" type="stmt"/>
      <line num="303" count="1" type="stmt"/>
      <line num="305" count="1" type="stmt"/>
      <line num="306" count="1" type="cond" truecount="1" falsecount="1"/>
      <line num="307" count="1" type="stmt"/>
      <line num="311" count="0" type="stmt"/>
      <line num="317" count="0" type="cond" truecount="0" falsecount="2"/>
      <line num="320" count="0" type="stmt"/>
      <line num="326" count="0" type="cond" truecount="0" falsecount="2"/>
      <line num="328" count="0" type="stmt"/>
      <line num="330" count="1" type="stmt"/>
      <line num="331" count="1" type="stmt"/>
    </file>
  </project>
</coverage>
