{"/home/ajojotank/Documents/Software-Design/v3/cicada-inquiry-assist/src/services/api/adminService.ts": {"path":"/home/ajojotank/Documents/Software-Design/v3/cicada-inquiry-assist/src/services/api/adminService.ts","statementMap":{"0":{"start":{"line":9,"column":29},"end":{"line":30,"column":null}},"1":{"start":{"line":10,"column":2},"end":{"line":29,"column":null}},"2":{"start":{"line":11,"column":28},"end":{"line":11,"column":null}},"3":{"start":{"line":13,"column":4},"end":{"line":16,"column":null}},"4":{"start":{"line":14,"column":6},"end":{"line":14,"column":null}},"5":{"start":{"line":15,"column":6},"end":{"line":15,"column":null}},"6":{"start":{"line":18,"column":4},"end":{"line":18,"column":null}},"7":{"start":{"line":20,"column":4},"end":{"line":20,"column":null}},"8":{"start":{"line":22,"column":4},"end":{"line":28,"column":null}}},"fnMap":{"0":{"name":"(anonymous_0)","decl":{"start":{"line":9,"column":29},"end":{"line":9,"column":62}},"loc":{"start":{"line":9,"column":62},"end":{"line":30,"column":null}}}},"branchMap":{"0":{"loc":{"start":{"line":13,"column":4},"end":{"line":16,"column":null}},"type":"if","locations":[{"start":{"line":13,"column":4},"end":{"line":16,"column":null}},{"start":{},"end":{}}]}},"s":{"0":2,"1":3,"2":3,"3":2,"4":1,"5":1,"6":1,"7":2,"8":2},"f":{"0":3},"b":{"0":[1,1]}}
,"/home/ajojotank/Documents/Software-Design/v3/cicada-inquiry-assist/src/services/api/chatService.ts": {"path":"/home/ajojotank/Documents/Software-Design/v3/cicada-inquiry-assist/src/services/api/chatService.ts","statementMap":{"0":{"start":{"line":5,"column":17},"end":{"line":5,"column":null}},"1":{"start":{"line":24,"column":33},"end":{"line":158,"column":null}},"2":{"start":{"line":29,"column":2},"end":{"line":29,"column":null}},"3":{"start":{"line":32,"column":15},"end":{"line":32,"column":null}},"4":{"start":{"line":33,"column":2},"end":{"line":44,"column":null}},"5":{"start":{"line":34,"column":24},"end":{"line":34,"column":null}},"6":{"start":{"line":35,"column":4},"end":{"line":40,"column":null}},"7":{"start":{"line":36,"column":6},"end":{"line":36,"column":null}},"8":{"start":{"line":37,"column":6},"end":{"line":37,"column":null}},"9":{"start":{"line":39,"column":6},"end":{"line":39,"column":null}},"10":{"start":{"line":42,"column":4},"end":{"line":42,"column":null}},"11":{"start":{"line":47,"column":2},"end":{"line":60,"column":null}},"12":{"start":{"line":48,"column":4},"end":{"line":57,"column":null}},"13":{"start":{"line":49,"column":6},"end":{"line":55,"column":null}},"14":{"start":{"line":56,"column":6},"end":{"line":56,"column":null}},"15":{"start":{"line":59,"column":4},"end":{"line":59,"column":null}},"16":{"start":{"line":63,"column":18},"end":{"line":66,"column":null}},"17":{"start":{"line":63,"column":39},"end":{"line":66,"column":4}},"18":{"start":{"line":68,"column":2},"end":{"line":72,"column":null}},"19":{"start":{"line":75,"column":19},"end":{"line":83,"column":null}},"20":{"start":{"line":85,"column":2},"end":{"line":85,"column":null}},"21":{"start":{"line":87,"column":2},"end":{"line":90,"column":null}},"22":{"start":{"line":88,"column":4},"end":{"line":88,"column":null}},"23":{"start":{"line":89,"column":4},"end":{"line":89,"column":null}},"24":{"start":{"line":93,"column":17},"end":{"line":93,"column":null}},"25":{"start":{"line":94,"column":18},"end":{"line":94,"column":null}},"26":{"start":{"line":95,"column":15},"end":{"line":95,"column":null}},"27":{"start":{"line":96,"column":19},"end":{"line":96,"column":null}},"28":{"start":{"line":97,"column":46},"end":{"line":97,"column":null}},"29":{"start":{"line":99,"column":2},"end":{"line":99,"column":null}},"30":{"start":{"line":101,"column":2},"end":{"line":148,"column":null}},"31":{"start":{"line":102,"column":28},"end":{"line":102,"column":null}},"32":{"start":{"line":103,"column":4},"end":{"line":106,"column":null}},"33":{"start":{"line":104,"column":6},"end":{"line":104,"column":null}},"34":{"start":{"line":105,"column":6},"end":{"line":105,"column":null}},"35":{"start":{"line":108,"column":4},"end":{"line":108,"column":null}},"36":{"start":{"line":109,"column":19},"end":{"line":109,"column":null}},"37":{"start":{"line":110,"column":4},"end":{"line":110,"column":null}},"38":{"start":{"line":112,"column":4},"end":{"line":147,"column":null}},"39":{"start":{"line":113,"column":6},"end":{"line":113,"column":null}},"40":{"start":{"line":113,"column":39},"end":{"line":113,"column":null}},"41":{"start":{"line":115,"column":33},"end":{"line":115,"column":null}},"42":{"start":{"line":116,"column":20},"end":{"line":116,"column":null}},"43":{"start":{"line":117,"column":19},"end":{"line":117,"column":null}},"44":{"start":{"line":119,"column":6},"end":{"line":119,"column":null}},"45":{"start":{"line":121,"column":6},"end":{"line":146,"column":null}},"46":{"start":{"line":123,"column":10},"end":{"line":123,"column":null}},"47":{"start":{"line":124,"column":10},"end":{"line":124,"column":null}},"48":{"start":{"line":125,"column":10},"end":{"line":125,"column":null}},"49":{"start":{"line":127,"column":10},"end":{"line":127,"column":null}},"50":{"start":{"line":128,"column":10},"end":{"line":128,"column":null}},"51":{"start":{"line":129,"column":10},"end":{"line":129,"column":null}},"52":{"start":{"line":130,"column":10},"end":{"line":130,"column":null}},"53":{"start":{"line":132,"column":10},"end":{"line":132,"column":null}},"54":{"start":{"line":133,"column":32},"end":{"line":136,"column":null}},"55":{"start":{"line":137,"column":10},"end":{"line":137,"column":null}},"56":{"start":{"line":138,"column":10},"end":{"line":138,"column":null}},"57":{"start":{"line":141,"column":27},"end":{"line":141,"column":null}},"58":{"start":{"line":142,"column":10},"end":{"line":142,"column":null}},"59":{"start":{"line":143,"column":10},"end":{"line":143,"column":null}},"60":{"start":{"line":144,"column":10},"end":{"line":144,"column":null}},"61":{"start":{"line":151,"column":2},"end":{"line":151,"column":null}},"62":{"start":{"line":152,"column":24},"end":{"line":155,"column":null}},"63":{"start":{"line":156,"column":2},"end":{"line":156,"column":null}},"64":{"start":{"line":157,"column":2},"end":{"line":157,"column":null}}},"fnMap":{"0":{"name":"(anonymous_0)","decl":{"start":{"line":24,"column":33},"end":{"line":24,"column":null}},"loc":{"start":{"line":28,"column":28},"end":{"line":158,"column":null}}},"1":{"name":"(anonymous_1)","decl":{"start":{"line":63,"column":31},"end":{"line":63,"column":39}},"loc":{"start":{"line":63,"column":39},"end":{"line":66,"column":4}}}},"branchMap":{"0":{"loc":{"start":{"line":35,"column":4},"end":{"line":40,"column":null}},"type":"if","locations":[{"start":{"line":35,"column":4},"end":{"line":40,"column":null}},{"start":{"line":38,"column":11},"end":{"line":40,"column":null}}]},"1":{"loc":{"start":{"line":48,"column":4},"end":{"line":57,"column":null}},"type":"if","locations":[{"start":{"line":48,"column":4},"end":{"line":57,"column":null}},{"start":{},"end":{}}]},"2":{"loc":{"start":{"line":63,"column":18},"end":{"line":66,"column":null}},"type":"binary-expr","locations":[{"start":{"line":63,"column":18},"end":{"line":66,"column":9}},{"start":{"line":66,"column":9},"end":{"line":66,"column":null}}]},"3":{"loc":{"start":{"line":64,"column":10},"end":{"line":64,"column":null}},"type":"cond-expr","locations":[{"start":{"line":64,"column":39},"end":{"line":64,"column":48}},{"start":{"line":64,"column":48},"end":{"line":64,"column":null}}]},"4":{"loc":{"start":{"line":87,"column":2},"end":{"line":90,"column":null}},"type":"if","locations":[{"start":{"line":87,"column":2},"end":{"line":90,"column":null}},{"start":{},"end":{}}]},"5":{"loc":{"start":{"line":103,"column":4},"end":{"line":106,"column":null}},"type":"if","locations":[{"start":{"line":103,"column":4},"end":{"line":106,"column":null}},{"start":{},"end":{}}]},"6":{"loc":{"start":{"line":110,"column":13},"end":{"line":110,"column":null}},"type":"binary-expr","locations":[{"start":{"line":110,"column":13},"end":{"line":110,"column":29}},{"start":{"line":110,"column":29},"end":{"line":110,"column":null}}]},"7":{"loc":{"start":{"line":113,"column":6},"end":{"line":113,"column":null}},"type":"if","locations":[{"start":{"line":113,"column":6},"end":{"line":113,"column":null}},{"start":{},"end":{}}]},"8":{"loc":{"start":{"line":117,"column":30},"end":{"line":117,"column":68}},"type":"binary-expr","locations":[{"start":{"line":117,"column":30},"end":{"line":117,"column":64}},{"start":{"line":117,"column":64},"end":{"line":117,"column":68}}]},"9":{"loc":{"start":{"line":119,"column":62},"end":{"line":119,"column":115}},"type":"cond-expr","locations":[{"start":{"line":119,"column":89},"end":{"line":119,"column":110}},{"start":{"line":119,"column":110},"end":{"line":119,"column":115}}]},"10":{"loc":{"start":{"line":121,"column":6},"end":{"line":146,"column":null}},"type":"switch","locations":[{"start":{"line":122,"column":8},"end":{"line":125,"column":null}},{"start":{"line":126,"column":8},"end":{"line":130,"column":null}},{"start":{"line":131,"column":8},"end":{"line":139,"column":null}},{"start":{"line":140,"column":8},"end":{"line":145,"column":null}}]},"11":{"loc":{"start":{"line":127,"column":25},"end":{"line":127,"column":null}},"type":"cond-expr","locations":[{"start":{"line":127,"column":47},"end":{"line":127,"column":54}},{"start":{"line":127,"column":54},"end":{"line":127,"column":null}}]},"12":{"loc":{"start":{"line":134,"column":18},"end":{"line":134,"column":null}},"type":"binary-expr","locations":[{"start":{"line":134,"column":18},"end":{"line":134,"column":31}},{"start":{"line":134,"column":31},"end":{"line":134,"column":null}}]},"13":{"loc":{"start":{"line":135,"column":21},"end":{"line":135,"column":null}},"type":"binary-expr","locations":[{"start":{"line":135,"column":21},"end":{"line":135,"column":37}},{"start":{"line":135,"column":37},"end":{"line":135,"column":null}}]},"14":{"loc":{"start":{"line":141,"column":27},"end":{"line":141,"column":null}},"type":"binary-expr","locations":[{"start":{"line":141,"column":27},"end":{"line":141,"column":41}},{"start":{"line":141,"column":41},"end":{"line":141,"column":null}}]}},"s":{"0":2,"1":2,"2":7,"3":7,"4":7,"5":7,"6":6,"7":2,"8":2,"9":4,"10":1,"11":7,"12":7,"13":2,"14":1,"15":1,"16":7,"17":1,"18":7,"19":7,"20":7,"21":7,"22":1,"23":1,"24":6,"25":6,"26":6,"27":6,"28":6,"29":6,"30":6,"31":14,"32":14,"33":1,"34":1,"35":13,"36":13,"37":13,"38":13,"39":13,"40":0,"41":13,"42":13,"43":13,"44":13,"45":13,"46":5,"47":5,"48":5,"49":3,"50":3,"51":3,"52":3,"53":4,"54":4,"55":4,"56":4,"57":1,"58":1,"59":1,"60":1,"61":1,"62":1,"63":1,"64":1},"f":{"0":7,"1":1},"b":{"0":[2,4],"1":[2,5],"2":[7,6],"3":[1,0],"4":[1,6],"5":[1,13],"6":[13,13],"7":[0,13],"8":[13,0],"9":[5,8],"10":[5,3,4,1],"11":[3,0],"12":[4,0],"13":[4,0],"14":[1,0]}}
,"/home/ajojotank/Documents/Software-Design/v3/cicada-inquiry-assist/src/services/api/folderService.ts": {"path":"/home/ajojotank/Documents/Software-Design/v3/cicada-inquiry-assist/src/services/api/folderService.ts","statementMap":{"0":{"start":{"line":10,"column":36},"end":{"line":72,"column":null}},"1":{"start":{"line":11,"column":2},"end":{"line":71,"column":null}},"2":{"start":{"line":12,"column":4},"end":{"line":31,"column":null}},"3":{"start":{"line":14,"column":30},"end":{"line":17,"column":null}},"4":{"start":{"line":19,"column":6},"end":{"line":19,"column":null}},"5":{"start":{"line":19,"column":17},"end":{"line":19,"column":null}},"6":{"start":{"line":22,"column":26},"end":{"line":25,"column":null}},"7":{"start":{"line":23,"column":20},"end":{"line":23,"column":30}},"8":{"start":{"line":25,"column":40},"end":{"line":25,"column":69}},"9":{"start":{"line":27,"column":6},"end":{"line":27,"column":null}},"10":{"start":{"line":29,"column":6},"end":{"line":29,"column":null}},"11":{"start":{"line":30,"column":6},"end":{"line":30,"column":null}},"12":{"start":{"line":34,"column":4},"end":{"line":70,"column":null}},"13":{"start":{"line":80,"column":24},"end":{"line":130,"column":null}},"14":{"start":{"line":82,"column":53},"end":{"line":82,"column":null}},"15":{"start":{"line":85,"column":2},"end":{"line":105,"column":null}},"16":{"start":{"line":86,"column":4},"end":{"line":86,"column":null}},"17":{"start":{"line":86,"column":19},"end":{"line":86,"column":null}},"18":{"start":{"line":89,"column":22},"end":{"line":89,"column":null}},"19":{"start":{"line":92,"column":4},"end":{"line":104,"column":null}},"20":{"start":{"line":92,"column":17},"end":{"line":92,"column":20}},"21":{"start":{"line":93,"column":26},"end":{"line":93,"column":null}},"22":{"start":{"line":94,"column":26},"end":{"line":94,"column":null}},"23":{"start":{"line":97,"column":6},"end":{"line":103,"column":null}},"24":{"start":{"line":98,"column":8},"end":{"line":102,"column":null}},"25":{"start":{"line":108,"column":41},"end":{"line":108,"column":null}},"26":{"start":{"line":110,"column":2},"end":{"line":127,"column":null}},"27":{"start":{"line":111,"column":19},"end":{"line":111,"column":null}},"28":{"start":{"line":112,"column":22},"end":{"line":112,"column":null}},"29":{"start":{"line":114,"column":4},"end":{"line":126,"column":null}},"30":{"start":{"line":116,"column":6},"end":{"line":116,"column":null}},"31":{"start":{"line":119,"column":25},"end":{"line":119,"column":null}},"32":{"start":{"line":120,"column":21},"end":{"line":120,"column":null}},"33":{"start":{"line":123,"column":6},"end":{"line":125,"column":null}},"34":{"start":{"line":123,"column":51},"end":{"line":123,"column":77}},"35":{"start":{"line":124,"column":8},"end":{"line":124,"column":null}},"36":{"start":{"line":129,"column":2},"end":{"line":129,"column":null}},"37":{"start":{"line":139,"column":28},"end":{"line":207,"column":null}},"38":{"start":{"line":140,"column":2},"end":{"line":142,"column":null}},"39":{"start":{"line":141,"column":4},"end":{"line":141,"column":null}},"40":{"start":{"line":144,"column":2},"end":{"line":206,"column":null}},"41":{"start":{"line":146,"column":21},"end":{"line":146,"column":null}},"42":{"start":{"line":149,"column":4},"end":{"line":153,"column":null}},"43":{"start":{"line":151,"column":6},"end":{"line":151,"column":null}},"44":{"start":{"line":152,"column":6},"end":{"line":152,"column":null}},"45":{"start":{"line":156,"column":23},"end":{"line":156,"column":null}},"46":{"start":{"line":158,"column":4},"end":{"line":158,"column":null}},"47":{"start":{"line":161,"column":57},"end":{"line":165,"column":null}},"48":{"start":{"line":167,"column":4},"end":{"line":167,"column":null}},"49":{"start":{"line":167,"column":20},"end":{"line":167,"column":null}},"50":{"start":{"line":169,"column":4},"end":{"line":171,"column":null}},"51":{"start":{"line":170,"column":6},"end":{"line":170,"column":null}},"52":{"start":{"line":174,"column":31},"end":{"line":174,"column":null}},"53":{"start":{"line":175,"column":4},"end":{"line":177,"column":null}},"54":{"start":{"line":176,"column":6},"end":{"line":176,"column":null}},"55":{"start":{"line":180,"column":28},"end":{"line":191,"column":null}},"56":{"start":{"line":193,"column":4},"end":{"line":193,"column":null}},"57":{"start":{"line":193,"column":15},"end":{"line":193,"column":null}},"58":{"start":{"line":196,"column":39},"end":{"line":200,"column":null}},"59":{"start":{"line":202,"column":4},"end":{"line":202,"column":null}},"60":{"start":{"line":204,"column":4},"end":{"line":204,"column":null}},"61":{"start":{"line":205,"column":4},"end":{"line":205,"column":null}},"62":{"start":{"line":216,"column":28},"end":{"line":290,"column":null}},"63":{"start":{"line":217,"column":2},"end":{"line":219,"column":null}},"64":{"start":{"line":218,"column":4},"end":{"line":218,"column":null}},"65":{"start":{"line":221,"column":2},"end":{"line":289,"column":null}},"66":{"start":{"line":223,"column":22},"end":{"line":223,"column":null}},"67":{"start":{"line":224,"column":20},"end":{"line":224,"column":null}},"68":{"start":{"line":225,"column":23},"end":{"line":225,"column":null}},"69":{"start":{"line":228,"column":20},"end":{"line":228,"column":null}},"70":{"start":{"line":231,"column":57},"end":{"line":235,"column":null}},"71":{"start":{"line":237,"column":4},"end":{"line":237,"column":null}},"72":{"start":{"line":237,"column":20},"end":{"line":237,"column":null}},"73":{"start":{"line":239,"column":4},"end":{"line":241,"column":null}},"74":{"start":{"line":240,"column":6},"end":{"line":240,"column":null}},"75":{"start":{"line":244,"column":31},"end":{"line":244,"column":null}},"76":{"start":{"line":245,"column":4},"end":{"line":247,"column":null}},"77":{"start":{"line":246,"column":6},"end":{"line":246,"column":null}},"78":{"start":{"line":250,"column":28},"end":{"line":255,"column":null}},"79":{"start":{"line":257,"column":4},"end":{"line":257,"column":null}},"80":{"start":{"line":257,"column":15},"end":{"line":257,"column":null}},"81":{"start":{"line":260,"column":59},"end":{"line":264,"column":null}},"82":{"start":{"line":266,"column":4},"end":{"line":266,"column":null}},"83":{"start":{"line":266,"column":24},"end":{"line":266,"column":null}},"84":{"start":{"line":269,"column":4},"end":{"line":276,"column":null}},"85":{"start":{"line":270,"column":31},"end":{"line":270,"column":null}},"86":{"start":{"line":271,"column":6},"end":{"line":275,"column":null}},"87":{"start":{"line":279,"column":43},"end":{"line":283,"column":null}},"88":{"start":{"line":285,"column":4},"end":{"line":285,"column":null}},"89":{"start":{"line":287,"column":4},"end":{"line":287,"column":null}},"90":{"start":{"line":288,"column":4},"end":{"line":288,"column":null}},"91":{"start":{"line":298,"column":28},"end":{"line":333,"column":null}},"92":{"start":{"line":299,"column":2},"end":{"line":301,"column":null}},"93":{"start":{"line":300,"column":4},"end":{"line":300,"column":null}},"94":{"start":{"line":303,"column":2},"end":{"line":332,"column":null}},"95":{"start":{"line":305,"column":31},"end":{"line":305,"column":null}},"96":{"start":{"line":306,"column":4},"end":{"line":308,"column":null}},"97":{"start":{"line":307,"column":6},"end":{"line":307,"column":null}},"98":{"start":{"line":311,"column":35},"end":{"line":315,"column":null}},"99":{"start":{"line":317,"column":4},"end":{"line":317,"column":null}},"100":{"start":{"line":317,"column":21},"end":{"line":317,"column":null}},"101":{"start":{"line":320,"column":38},"end":{"line":324,"column":null}},"102":{"start":{"line":326,"column":4},"end":{"line":326,"column":null}},"103":{"start":{"line":326,"column":24},"end":{"line":326,"column":null}},"104":{"start":{"line":328,"column":4},"end":{"line":328,"column":null}},"105":{"start":{"line":330,"column":4},"end":{"line":330,"column":null}},"106":{"start":{"line":331,"column":4},"end":{"line":331,"column":null}}},"fnMap":{"0":{"name":"(anonymous_0)","decl":{"start":{"line":10,"column":36},"end":{"line":10,"column":43}},"loc":{"start":{"line":10,"column":118},"end":{"line":72,"column":null}}},"1":{"name":"(anonymous_1)","decl":{"start":{"line":23,"column":13},"end":{"line":23,"column":20}},"loc":{"start":{"line":23,"column":20},"end":{"line":23,"column":30}}},"2":{"name":"(anonymous_2)","decl":{"start":{"line":25,"column":16},"end":{"line":25,"column":17}},"loc":{"start":{"line":25,"column":40},"end":{"line":25,"column":69}}},"3":{"name":"(anonymous_3)","decl":{"start":{"line":80,"column":24},"end":{"line":80,"column":25}},"loc":{"start":{"line":80,"column":64},"end":{"line":130,"column":null}}},"4":{"name":"(anonymous_4)","decl":{"start":{"line":85,"column":16},"end":{"line":85,"column":28}},"loc":{"start":{"line":85,"column":28},"end":{"line":105,"column":3}}},"5":{"name":"(anonymous_5)","decl":{"start":{"line":110,"column":33},"end":{"line":110,"column":41}},"loc":{"start":{"line":110,"column":41},"end":{"line":127,"column":3}}},"6":{"name":"(anonymous_6)","decl":{"start":{"line":123,"column":42},"end":{"line":123,"column":51}},"loc":{"start":{"line":123,"column":51},"end":{"line":123,"column":77}}},"7":{"name":"(anonymous_7)","decl":{"start":{"line":139,"column":28},"end":{"line":139,"column":35}},"loc":{"start":{"line":139,"column":136},"end":{"line":207,"column":null}}},"8":{"name":"(anonymous_8)","decl":{"start":{"line":216,"column":28},"end":{"line":216,"column":35}},"loc":{"start":{"line":216,"column":139},"end":{"line":290,"column":null}}},"9":{"name":"(anonymous_9)","decl":{"start":{"line":298,"column":28},"end":{"line":298,"column":35}},"loc":{"start":{"line":298,"column":114},"end":{"line":333,"column":null}}}},"branchMap":{"0":{"loc":{"start":{"line":10,"column":43},"end":{"line":10,"column":118}},"type":"default-arg","locations":[{"start":{"line":10,"column":76},"end":{"line":10,"column":118}}]},"1":{"loc":{"start":{"line":11,"column":2},"end":{"line":71,"column":null}},"type":"if","locations":[{"start":{"line":11,"column":2},"end":{"line":71,"column":null}},{"start":{"line":32,"column":9},"end":{"line":71,"column":null}}]},"2":{"loc":{"start":{"line":19,"column":6},"end":{"line":19,"column":null}},"type":"if","locations":[{"start":{"line":19,"column":6},"end":{"line":19,"column":null}},{"start":{},"end":{}}]},"3":{"loc":{"start":{"line":86,"column":4},"end":{"line":86,"column":null}},"type":"if","locations":[{"start":{"line":86,"column":4},"end":{"line":86,"column":null}},{"start":{},"end":{}}]},"4":{"loc":{"start":{"line":97,"column":6},"end":{"line":103,"column":null}},"type":"if","locations":[{"start":{"line":97,"column":6},"end":{"line":103,"column":null}},{"start":{},"end":{}}]},"5":{"loc":{"start":{"line":114,"column":4},"end":{"line":126,"column":null}},"type":"if","locations":[{"start":{"line":114,"column":4},"end":{"line":126,"column":null}},{"start":{"line":117,"column":11},"end":{"line":126,"column":null}}]},"6":{"loc":{"start":{"line":123,"column":6},"end":{"line":125,"column":null}},"type":"if","locations":[{"start":{"line":123,"column":6},"end":{"line":125,"column":null}},{"start":{},"end":{}}]},"7":{"loc":{"start":{"line":123,"column":10},"end":{"line":123,"column":80}},"type":"binary-expr","locations":[{"start":{"line":123,"column":10},"end":{"line":123,"column":20}},{"start":{"line":123,"column":20},"end":{"line":123,"column":80}}]},"8":{"loc":{"start":{"line":139,"column":63},"end":{"line":139,"column":136}},"type":"default-arg","locations":[{"start":{"line":139,"column":96},"end":{"line":139,"column":136}}]},"9":{"loc":{"start":{"line":140,"column":2},"end":{"line":142,"column":null}},"type":"if","locations":[{"start":{"line":140,"column":2},"end":{"line":142,"column":null}},{"start":{},"end":{}}]},"10":{"loc":{"start":{"line":146,"column":21},"end":{"line":146,"column":null}},"type":"binary-expr","locations":[{"start":{"line":146,"column":21},"end":{"line":146,"column":37}},{"start":{"line":146,"column":37},"end":{"line":146,"column":null}}]},"11":{"loc":{"start":{"line":149,"column":4},"end":{"line":153,"column":null}},"type":"if","locations":[{"start":{"line":149,"column":4},"end":{"line":153,"column":null}},{"start":{},"end":{}}]},"12":{"loc":{"start":{"line":149,"column":8},"end":{"line":149,"column":64}},"type":"binary-expr","locations":[{"start":{"line":149,"column":8},"end":{"line":149,"column":43}},{"start":{"line":149,"column":43},"end":{"line":149,"column":64}}]},"13":{"loc":{"start":{"line":156,"column":23},"end":{"line":156,"column":null}},"type":"cond-expr","locations":[{"start":{"line":156,"column":36},"end":{"line":156,"column":62}},{"start":{"line":156,"column":62},"end":{"line":156,"column":null}}]},"14":{"loc":{"start":{"line":167,"column":4},"end":{"line":167,"column":null}},"type":"if","locations":[{"start":{"line":167,"column":4},"end":{"line":167,"column":null}},{"start":{},"end":{}}]},"15":{"loc":{"start":{"line":169,"column":4},"end":{"line":171,"column":null}},"type":"if","locations":[{"start":{"line":169,"column":4},"end":{"line":171,"column":null}},{"start":{},"end":{}}]},"16":{"loc":{"start":{"line":169,"column":8},"end":{"line":169,"column":55}},"type":"binary-expr","locations":[{"start":{"line":169,"column":8},"end":{"line":169,"column":27}},{"start":{"line":169,"column":27},"end":{"line":169,"column":55}}]},"17":{"loc":{"start":{"line":175,"column":4},"end":{"line":177,"column":null}},"type":"if","locations":[{"start":{"line":175,"column":4},"end":{"line":177,"column":null}},{"start":{},"end":{}}]},"18":{"loc":{"start":{"line":193,"column":4},"end":{"line":193,"column":null}},"type":"if","locations":[{"start":{"line":193,"column":4},"end":{"line":193,"column":null}},{"start":{},"end":{}}]},"19":{"loc":{"start":{"line":216,"column":66},"end":{"line":216,"column":139}},"type":"default-arg","locations":[{"start":{"line":216,"column":99},"end":{"line":216,"column":139}}]},"20":{"loc":{"start":{"line":217,"column":2},"end":{"line":219,"column":null}},"type":"if","locations":[{"start":{"line":217,"column":2},"end":{"line":219,"column":null}},{"start":{},"end":{}}]},"21":{"loc":{"start":{"line":224,"column":20},"end":{"line":224,"column":null}},"type":"binary-expr","locations":[{"start":{"line":224,"column":20},"end":{"line":224,"column":39}},{"start":{"line":224,"column":39},"end":{"line":224,"column":null}}]},"22":{"loc":{"start":{"line":228,"column":20},"end":{"line":228,"column":null}},"type":"cond-expr","locations":[{"start":{"line":228,"column":33},"end":{"line":228,"column":62}},{"start":{"line":228,"column":62},"end":{"line":228,"column":null}}]},"23":{"loc":{"start":{"line":237,"column":4},"end":{"line":237,"column":null}},"type":"if","locations":[{"start":{"line":237,"column":4},"end":{"line":237,"column":null}},{"start":{},"end":{}}]},"24":{"loc":{"start":{"line":239,"column":4},"end":{"line":241,"column":null}},"type":"if","locations":[{"start":{"line":239,"column":4},"end":{"line":241,"column":null}},{"start":{},"end":{}}]},"25":{"loc":{"start":{"line":239,"column":8},"end":{"line":239,"column":55}},"type":"binary-expr","locations":[{"start":{"line":239,"column":8},"end":{"line":239,"column":27}},{"start":{"line":239,"column":27},"end":{"line":239,"column":55}}]},"26":{"loc":{"start":{"line":245,"column":4},"end":{"line":247,"column":null}},"type":"if","locations":[{"start":{"line":245,"column":4},"end":{"line":247,"column":null}},{"start":{},"end":{}}]},"27":{"loc":{"start":{"line":257,"column":4},"end":{"line":257,"column":null}},"type":"if","locations":[{"start":{"line":257,"column":4},"end":{"line":257,"column":null}},{"start":{},"end":{}}]},"28":{"loc":{"start":{"line":266,"column":4},"end":{"line":266,"column":null}},"type":"if","locations":[{"start":{"line":266,"column":4},"end":{"line":266,"column":null}},{"start":{},"end":{}}]},"29":{"loc":{"start":{"line":269,"column":22},"end":{"line":269,"column":43}},"type":"binary-expr","locations":[{"start":{"line":269,"column":22},"end":{"line":269,"column":39}},{"start":{"line":269,"column":39},"end":{"line":269,"column":43}}]},"30":{"loc":{"start":{"line":298,"column":49},"end":{"line":298,"column":114}},"type":"default-arg","locations":[{"start":{"line":298,"column":82},"end":{"line":298,"column":114}}]},"31":{"loc":{"start":{"line":299,"column":2},"end":{"line":301,"column":null}},"type":"if","locations":[{"start":{"line":299,"column":2},"end":{"line":301,"column":null}},{"start":{},"end":{}}]},"32":{"loc":{"start":{"line":306,"column":4},"end":{"line":308,"column":null}},"type":"if","locations":[{"start":{"line":306,"column":4},"end":{"line":308,"column":null}},{"start":{},"end":{}}]},"33":{"loc":{"start":{"line":317,"column":4},"end":{"line":317,"column":null}},"type":"if","locations":[{"start":{"line":317,"column":4},"end":{"line":317,"column":null}},{"start":{},"end":{}}]},"34":{"loc":{"start":{"line":326,"column":4},"end":{"line":326,"column":null}},"type":"if","locations":[{"start":{"line":326,"column":4},"end":{"line":326,"column":null}},{"start":{},"end":{}}]}},"s":{"0":3,"1":2,"2":1,"3":1,"4":1,"5":0,"6":1,"7":4,"8":4,"9":1,"10":0,"11":0,"12":1,"13":3,"14":1,"15":1,"16":4,"17":0,"18":4,"19":4,"20":4,"21":8,"22":8,"23":8,"24":5,"25":1,"26":1,"27":5,"28":5,"29":5,"30":2,"31":3,"32":3,"33":3,"34":0,"35":3,"36":1,"37":3,"38":2,"39":1,"40":1,"41":1,"42":1,"43":0,"44":0,"45":1,"46":1,"47":1,"48":1,"49":0,"50":1,"51":1,"52":0,"53":0,"54":0,"55":0,"56":0,"57":0,"58":0,"59":0,"60":1,"61":1,"62":3,"63":0,"64":0,"65":0,"66":0,"67":0,"68":0,"69":0,"70":0,"71":0,"72":0,"73":0,"74":0,"75":0,"76":0,"77":0,"78":0,"79":0,"80":0,"81":0,"82":0,"83":0,"84":0,"85":0,"86":0,"87":0,"88":0,"89":0,"90":0,"91":3,"92":1,"93":0,"94":1,"95":1,"96":1,"97":1,"98":0,"99":0,"100":0,"101":0,"102":0,"103":0,"104":0,"105":1,"106":1},"f":{"0":2,"1":4,"2":4,"3":1,"4":4,"5":5,"6":0,"7":2,"8":0,"9":1},"b":{"0":[0],"1":[1,1],"2":[0,1],"3":[0,4],"4":[5,3],"5":[2,3],"6":[3,0],"7":[3,3],"8":[0],"9":[1,1],"10":[1,1],"11":[0,1],"12":[1,1],"13":[0,1],"14":[0,1],"15":[1,0],"16":[1,1],"17":[0,0],"18":[0,0],"19":[0],"20":[0,0],"21":[0,0],"22":[0,0],"23":[0,0],"24":[0,0],"25":[0,0],"26":[0,0],"27":[0,0],"28":[0,0],"29":[0,0],"30":[0],"31":[0,1],"32":[1,0],"33":[0,0],"34":[0,0]}}
}
