{"/Users/kamogelokhumalo/Documents/school/sd/update/CICADA/src/services/api/adminService.ts": {"path":"/Users/kamogelokhumalo/Documents/school/sd/update/CICADA/src/services/api/adminService.ts","statementMap":{"0":{"start":{"line":9,"column":29},"end":{"line":30,"column":null}},"1":{"start":{"line":10,"column":2},"end":{"line":29,"column":null}},"2":{"start":{"line":11,"column":28},"end":{"line":11,"column":null}},"3":{"start":{"line":13,"column":4},"end":{"line":16,"column":null}},"4":{"start":{"line":14,"column":6},"end":{"line":14,"column":null}},"5":{"start":{"line":15,"column":6},"end":{"line":15,"column":null}},"6":{"start":{"line":18,"column":4},"end":{"line":18,"column":null}},"7":{"start":{"line":20,"column":4},"end":{"line":20,"column":null}},"8":{"start":{"line":22,"column":4},"end":{"line":28,"column":null}}},"fnMap":{"0":{"name":"(anonymous_0)","decl":{"start":{"line":9,"column":29},"end":{"line":9,"column":62}},"loc":{"start":{"line":9,"column":62},"end":{"line":30,"column":null}}}},"branchMap":{"0":{"loc":{"start":{"line":13,"column":4},"end":{"line":16,"column":null}},"type":"if","locations":[{"start":{"line":13,"column":4},"end":{"line":16,"column":null}},{"start":{},"end":{}}]}},"s":{"0":2,"1":3,"2":3,"3":2,"4":1,"5":1,"6":1,"7":2,"8":2},"f":{"0":3},"b":{"0":[1,1]}}
,"/Users/kamogelokhumalo/Documents/school/sd/update/CICADA/src/services/api/chatService.ts": {"path":"/Users/kamogelokhumalo/Documents/school/sd/update/CICADA/src/services/api/chatService.ts","statementMap":{"0":{"start":{"line":5,"column":17},"end":{"line":5,"column":null}},"1":{"start":{"line":24,"column":33},"end":{"line":158,"column":null}},"2":{"start":{"line":29,"column":2},"end":{"line":29,"column":null}},"3":{"start":{"line":32,"column":15},"end":{"line":32,"column":null}},"4":{"start":{"line":33,"column":2},"end":{"line":44,"column":null}},"5":{"start":{"line":34,"column":24},"end":{"line":34,"column":null}},"6":{"start":{"line":35,"column":4},"end":{"line":40,"column":null}},"7":{"start":{"line":36,"column":6},"end":{"line":36,"column":null}},"8":{"start":{"line":37,"column":6},"end":{"line":37,"column":null}},"9":{"start":{"line":39,"column":6},"end":{"line":39,"column":null}},"10":{"start":{"line":42,"column":4},"end":{"line":42,"column":null}},"11":{"start":{"line":47,"column":2},"end":{"line":60,"column":null}},"12":{"start":{"line":48,"column":4},"end":{"line":57,"column":null}},"13":{"start":{"line":49,"column":6},"end":{"line":55,"column":null}},"14":{"start":{"line":56,"column":6},"end":{"line":56,"column":null}},"15":{"start":{"line":59,"column":4},"end":{"line":59,"column":null}},"16":{"start":{"line":63,"column":18},"end":{"line":66,"column":null}},"17":{"start":{"line":63,"column":39},"end":{"line":66,"column":4}},"18":{"start":{"line":68,"column":2},"end":{"line":72,"column":null}},"19":{"start":{"line":75,"column":19},"end":{"line":83,"column":null}},"20":{"start":{"line":85,"column":2},"end":{"line":85,"column":null}},"21":{"start":{"line":87,"column":2},"end":{"line":90,"column":null}},"22":{"start":{"line":88,"column":4},"end":{"line":88,"column":null}},"23":{"start":{"line":89,"column":4},"end":{"line":89,"column":null}},"24":{"start":{"line":93,"column":17},"end":{"line":93,"column":null}},"25":{"start":{"line":94,"column":18},"end":{"line":94,"column":null}},"26":{"start":{"line":95,"column":15},"end":{"line":95,"column":null}},"27":{"start":{"line":96,"column":19},"end":{"line":96,"column":null}},"28":{"start":{"line":97,"column":46},"end":{"line":97,"column":null}},"29":{"start":{"line":99,"column":2},"end":{"line":99,"column":null}},"30":{"start":{"line":101,"column":2},"end":{"line":148,"column":null}},"31":{"start":{"line":102,"column":28},"end":{"line":102,"column":null}},"32":{"start":{"line":103,"column":4},"end":{"line":106,"column":null}},"33":{"start":{"line":104,"column":6},"end":{"line":104,"column":null}},"34":{"start":{"line":105,"column":6},"end":{"line":105,"column":null}},"35":{"start":{"line":108,"column":4},"end":{"line":108,"column":null}},"36":{"start":{"line":109,"column":19},"end":{"line":109,"column":null}},"37":{"start":{"line":110,"column":4},"end":{"line":110,"column":null}},"38":{"start":{"line":112,"column":4},"end":{"line":147,"column":null}},"39":{"start":{"line":113,"column":6},"end":{"line":113,"column":null}},"40":{"start":{"line":113,"column":39},"end":{"line":113,"column":null}},"41":{"start":{"line":115,"column":33},"end":{"line":115,"column":null}},"42":{"start":{"line":116,"column":20},"end":{"line":116,"column":null}},"43":{"start":{"line":117,"column":19},"end":{"line":117,"column":null}},"44":{"start":{"line":119,"column":6},"end":{"line":119,"column":null}},"45":{"start":{"line":121,"column":6},"end":{"line":146,"column":null}},"46":{"start":{"line":123,"column":10},"end":{"line":123,"column":null}},"47":{"start":{"line":124,"column":10},"end":{"line":124,"column":null}},"48":{"start":{"line":125,"column":10},"end":{"line":125,"column":null}},"49":{"start":{"line":127,"column":10},"end":{"line":127,"column":null}},"50":{"start":{"line":128,"column":10},"end":{"line":128,"column":null}},"51":{"start":{"line":129,"column":10},"end":{"line":129,"column":null}},"52":{"start":{"line":130,"column":10},"end":{"line":130,"column":null}},"53":{"start":{"line":132,"column":10},"end":{"line":132,"column":null}},"54":{"start":{"line":133,"column":32},"end":{"line":136,"column":null}},"55":{"start":{"line":137,"column":10},"end":{"line":137,"column":null}},"56":{"start":{"line":138,"column":10},"end":{"line":138,"column":null}},"57":{"start":{"line":141,"column":27},"end":{"line":141,"column":null}},"58":{"start":{"line":142,"column":10},"end":{"line":142,"column":null}},"59":{"start":{"line":143,"column":10},"end":{"line":143,"column":null}},"60":{"start":{"line":144,"column":10},"end":{"line":144,"column":null}},"61":{"start":{"line":151,"column":2},"end":{"line":151,"column":null}},"62":{"start":{"line":152,"column":24},"end":{"line":155,"column":null}},"63":{"start":{"line":156,"column":2},"end":{"line":156,"column":null}},"64":{"start":{"line":157,"column":2},"end":{"line":157,"column":null}}},"fnMap":{"0":{"name":"(anonymous_0)","decl":{"start":{"line":24,"column":33},"end":{"line":24,"column":null}},"loc":{"start":{"line":28,"column":28},"end":{"line":158,"column":null}}},"1":{"name":"(anonymous_1)","decl":{"start":{"line":63,"column":31},"end":{"line":63,"column":39}},"loc":{"start":{"line":63,"column":39},"end":{"line":66,"column":4}}}},"branchMap":{"0":{"loc":{"start":{"line":35,"column":4},"end":{"line":40,"column":null}},"type":"if","locations":[{"start":{"line":35,"column":4},"end":{"line":40,"column":null}},{"start":{"line":38,"column":11},"end":{"line":40,"column":null}}]},"1":{"loc":{"start":{"line":48,"column":4},"end":{"line":57,"column":null}},"type":"if","locations":[{"start":{"line":48,"column":4},"end":{"line":57,"column":null}},{"start":{},"end":{}}]},"2":{"loc":{"start":{"line":63,"column":18},"end":{"line":66,"column":null}},"type":"binary-expr","locations":[{"start":{"line":63,"column":18},"end":{"line":66,"column":9}},{"start":{"line":66,"column":9},"end":{"line":66,"column":null}}]},"3":{"loc":{"start":{"line":64,"column":10},"end":{"line":64,"column":null}},"type":"cond-expr","locations":[{"start":{"line":64,"column":39},"end":{"line":64,"column":48}},{"start":{"line":64,"column":48},"end":{"line":64,"column":null}}]},"4":{"loc":{"start":{"line":87,"column":2},"end":{"line":90,"column":null}},"type":"if","locations":[{"start":{"line":87,"column":2},"end":{"line":90,"column":null}},{"start":{},"end":{}}]},"5":{"loc":{"start":{"line":103,"column":4},"end":{"line":106,"column":null}},"type":"if","locations":[{"start":{"line":103,"column":4},"end":{"line":106,"column":null}},{"start":{},"end":{}}]},"6":{"loc":{"start":{"line":110,"column":13},"end":{"line":110,"column":null}},"type":"binary-expr","locations":[{"start":{"line":110,"column":13},"end":{"line":110,"column":29}},{"start":{"line":110,"column":29},"end":{"line":110,"column":null}}]},"7":{"loc":{"start":{"line":113,"column":6},"end":{"line":113,"column":null}},"type":"if","locations":[{"start":{"line":113,"column":6},"end":{"line":113,"column":null}},{"start":{},"end":{}}]},"8":{"loc":{"start":{"line":117,"column":30},"end":{"line":117,"column":68}},"type":"binary-expr","locations":[{"start":{"line":117,"column":30},"end":{"line":117,"column":64}},{"start":{"line":117,"column":64},"end":{"line":117,"column":68}}]},"9":{"loc":{"start":{"line":119,"column":62},"end":{"line":119,"column":115}},"type":"cond-expr","locations":[{"start":{"line":119,"column":89},"end":{"line":119,"column":110}},{"start":{"line":119,"column":110},"end":{"line":119,"column":115}}]},"10":{"loc":{"start":{"line":121,"column":6},"end":{"line":146,"column":null}},"type":"switch","locations":[{"start":{"line":122,"column":8},"end":{"line":125,"column":null}},{"start":{"line":126,"column":8},"end":{"line":130,"column":null}},{"start":{"line":131,"column":8},"end":{"line":139,"column":null}},{"start":{"line":140,"column":8},"end":{"line":145,"column":null}}]},"11":{"loc":{"start":{"line":127,"column":25},"end":{"line":127,"column":null}},"type":"cond-expr","locations":[{"start":{"line":127,"column":47},"end":{"line":127,"column":54}},{"start":{"line":127,"column":54},"end":{"line":127,"column":null}}]},"12":{"loc":{"start":{"line":134,"column":18},"end":{"line":134,"column":null}},"type":"binary-expr","locations":[{"start":{"line":134,"column":18},"end":{"line":134,"column":31}},{"start":{"line":134,"column":31},"end":{"line":134,"column":null}}]},"13":{"loc":{"start":{"line":135,"column":21},"end":{"line":135,"column":null}},"type":"binary-expr","locations":[{"start":{"line":135,"column":21},"end":{"line":135,"column":37}},{"start":{"line":135,"column":37},"end":{"line":135,"column":null}}]},"14":{"loc":{"start":{"line":141,"column":27},"end":{"line":141,"column":null}},"type":"binary-expr","locations":[{"start":{"line":141,"column":27},"end":{"line":141,"column":41}},{"start":{"line":141,"column":41},"end":{"line":141,"column":null}}]}},"s":{"0":2,"1":2,"2":7,"3":7,"4":7,"5":7,"6":6,"7":2,"8":2,"9":4,"10":1,"11":7,"12":7,"13":2,"14":1,"15":1,"16":7,"17":1,"18":7,"19":7,"20":7,"21":7,"22":1,"23":1,"24":6,"25":6,"26":6,"27":6,"28":6,"29":6,"30":6,"31":14,"32":14,"33":1,"34":1,"35":13,"36":13,"37":13,"38":13,"39":13,"40":0,"41":13,"42":13,"43":13,"44":13,"45":13,"46":5,"47":5,"48":5,"49":3,"50":3,"51":3,"52":3,"53":4,"54":4,"55":4,"56":4,"57":1,"58":1,"59":1,"60":1,"61":1,"62":1,"63":1,"64":1},"f":{"0":7,"1":1},"b":{"0":[2,4],"1":[2,5],"2":[7,6],"3":[1,0],"4":[1,6],"5":[1,13],"6":[13,13],"7":[0,13],"8":[13,0],"9":[5,8],"10":[5,3,4,1],"11":[3,0],"12":[4,0],"13":[4,0],"14":[1,0]}}
,"/Users/kamogelokhumalo/Documents/school/sd/update/CICADA/src/services/api/documentService.ts": {"path":"/Users/kamogelokhumalo/Documents/school/sd/update/CICADA/src/services/api/documentService.ts","statementMap":{"0":{"start":{"line":36,"column":30},"end":{"line":42,"column":null}},"1":{"start":{"line":37,"column":2},"end":{"line":41,"column":null}},"2":{"start":{"line":38,"column":4},"end":{"line":38,"column":null}},"3":{"start":{"line":40,"column":4},"end":{"line":40,"column":null}},"4":{"start":{"line":50,"column":33},"end":{"line":159,"column":null}},"5":{"start":{"line":51,"column":2},"end":{"line":158,"column":null}},"6":{"start":{"line":53,"column":31},"end":{"line":53,"column":null}},"7":{"start":{"line":54,"column":19},"end":{"line":54,"column":null}},"8":{"start":{"line":55,"column":4},"end":{"line":55,"column":null}},"9":{"start":{"line":56,"column":4},"end":{"line":56,"column":null}},"10":{"start":{"line":59,"column":4},"end":{"line":63,"column":null}},"11":{"start":{"line":60,"column":6},"end":{"line":62,"column":null}},"12":{"start":{"line":61,"column":8},"end":{"line":61,"column":null}},"13":{"start":{"line":66,"column":4},"end":{"line":115,"column":null}},"14":{"start":{"line":67,"column":6},"end":{"line":67,"column":null}},"15":{"start":{"line":69,"column":20},"end":{"line":77,"column":null}},"16":{"start":{"line":80,"column":6},"end":{"line":82,"column":null}},"17":{"start":{"line":81,"column":8},"end":{"line":81,"column":null}},"18":{"start":{"line":84,"column":55},"end":{"line":84,"column":null}},"19":{"start":{"line":86,"column":6},"end":{"line":89,"column":null}},"20":{"start":{"line":87,"column":8},"end":{"line":87,"column":null}},"21":{"start":{"line":88,"column":8},"end":{"line":88,"column":null}},"22":{"start":{"line":92,"column":6},"end":{"line":111,"column":null}},"23":{"start":{"line":93,"column":8},"end":{"line":93,"column":null}},"24":{"start":{"line":95,"column":59},"end":{"line":105,"column":null}},"25":{"start":{"line":107,"column":8},"end":{"line":110,"column":null}},"26":{"start":{"line":108,"column":10},"end":{"line":108,"column":null}},"27":{"start":{"line":109,"column":10},"end":{"line":109,"column":null}},"28":{"start":{"line":113,"column":6},"end":{"line":113,"column":null}},"29":{"start":{"line":114,"column":6},"end":{"line":114,"column":null}},"30":{"start":{"line":118,"column":21},"end":{"line":118,"column":null}},"31":{"start":{"line":119,"column":22},"end":{"line":119,"column":null}},"32":{"start":{"line":120,"column":24},"end":{"line":120,"column":null}},"33":{"start":{"line":122,"column":4},"end":{"line":122,"column":null}},"34":{"start":{"line":123,"column":4},"end":{"line":123,"column":null}},"35":{"start":{"line":125,"column":18},"end":{"line":133,"column":null}},"36":{"start":{"line":136,"column":4},"end":{"line":138,"column":null}},"37":{"start":{"line":137,"column":6},"end":{"line":137,"column":null}},"38":{"start":{"line":140,"column":28},"end":{"line":140,"column":null}},"39":{"start":{"line":142,"column":4},"end":{"line":145,"column":null}},"40":{"start":{"line":143,"column":6},"end":{"line":143,"column":null}},"41":{"start":{"line":144,"column":6},"end":{"line":144,"column":null}},"42":{"start":{"line":147,"column":4},"end":{"line":147,"column":null}},"43":{"start":{"line":149,"column":4},"end":{"line":152,"column":null}},"44":{"start":{"line":150,"column":6},"end":{"line":150,"column":null}},"45":{"start":{"line":151,"column":6},"end":{"line":151,"column":null}},"46":{"start":{"line":154,"column":4},"end":{"line":154,"column":null}},"47":{"start":{"line":156,"column":4},"end":{"line":156,"column":null}},"48":{"start":{"line":157,"column":4},"end":{"line":157,"column":null}},"49":{"start":{"line":162,"column":23},"end":{"line":183,"column":null}},"50":{"start":{"line":163,"column":19},"end":{"line":179,"column":null}},"51":{"start":{"line":181,"column":2},"end":{"line":181,"column":null}},"52":{"start":{"line":182,"column":2},"end":{"line":182,"column":null}},"53":{"start":{"line":190,"column":30},"end":{"line":196,"column":null}},"54":{"start":{"line":191,"column":2},"end":{"line":195,"column":null}},"55":{"start":{"line":192,"column":4},"end":{"line":192,"column":null}},"56":{"start":{"line":194,"column":4},"end":{"line":194,"column":null}},"57":{"start":{"line":204,"column":30},"end":{"line":210,"column":null}},"58":{"start":{"line":205,"column":2},"end":{"line":209,"column":null}},"59":{"start":{"line":206,"column":4},"end":{"line":206,"column":null}},"60":{"start":{"line":208,"column":4},"end":{"line":208,"column":null}},"61":{"start":{"line":218,"column":30},"end":{"line":226,"column":null}},"62":{"start":{"line":219,"column":41},"end":{"line":219,"column":null}},"63":{"start":{"line":221,"column":2},"end":{"line":225,"column":null}},"64":{"start":{"line":222,"column":4},"end":{"line":222,"column":null}},"65":{"start":{"line":224,"column":4},"end":{"line":224,"column":null}},"66":{"start":{"line":237,"column":30},"end":{"line":253,"column":null}},"67":{"start":{"line":238,"column":2},"end":{"line":252,"column":null}},"68":{"start":{"line":240,"column":4},"end":{"line":248,"column":null}},"69":{"start":{"line":241,"column":6},"end":{"line":241,"column":null}},"70":{"start":{"line":246,"column":26},"end":{"line":246,"column":null}},"71":{"start":{"line":247,"column":6},"end":{"line":247,"column":null}},"72":{"start":{"line":250,"column":4},"end":{"line":250,"column":null}},"73":{"start":{"line":251,"column":4},"end":{"line":251,"column":null}}},"fnMap":{"0":{"name":"(anonymous_0)","decl":{"start":{"line":36,"column":30},"end":{"line":36,"column":37}},"loc":{"start":{"line":36,"column":105},"end":{"line":42,"column":null}}},"1":{"name":"(anonymous_1)","decl":{"start":{"line":50,"column":33},"end":{"line":50,"column":40}},"loc":{"start":{"line":50,"column":114},"end":{"line":159,"column":null}}},"2":{"name":"(anonymous_2)","decl":{"start":{"line":162,"column":23},"end":{"line":162,"column":24}},"loc":{"start":{"line":162,"column":80},"end":{"line":183,"column":null}}},"3":{"name":"(anonymous_3)","decl":{"start":{"line":190,"column":30},"end":{"line":190,"column":37}},"loc":{"start":{"line":190,"column":79},"end":{"line":196,"column":null}}},"4":{"name":"(anonymous_4)","decl":{"start":{"line":204,"column":30},"end":{"line":204,"column":37}},"loc":{"start":{"line":204,"column":114},"end":{"line":210,"column":null}}},"5":{"name":"(anonymous_5)","decl":{"start":{"line":218,"column":30},"end":{"line":218,"column":37}},"loc":{"start":{"line":218,"column":113},"end":{"line":226,"column":null}}},"6":{"name":"(anonymous_6)","decl":{"start":{"line":237,"column":30},"end":{"line":237,"column":37}},"loc":{"start":{"line":237,"column":95},"end":{"line":253,"column":null}}}},"branchMap":{"0":{"loc":{"start":{"line":36,"column":37},"end":{"line":36,"column":105}},"type":"default-arg","locations":[{"start":{"line":36,"column":70},"end":{"line":36,"column":105}}]},"1":{"loc":{"start":{"line":37,"column":2},"end":{"line":41,"column":null}},"type":"if","locations":[{"start":{"line":37,"column":2},"end":{"line":41,"column":null}},{"start":{"line":39,"column":9},"end":{"line":41,"column":null}}]},"2":{"loc":{"start":{"line":55,"column":33},"end":{"line":55,"column":60}},"type":"binary-expr","locations":[{"start":{"line":55,"column":33},"end":{"line":55,"column":43}},{"start":{"line":55,"column":43},"end":{"line":55,"column":60}}]},"3":{"loc":{"start":{"line":59,"column":4},"end":{"line":63,"column":null}},"type":"if","locations":[{"start":{"line":59,"column":4},"end":{"line":63,"column":null}},{"start":{},"end":{}}]},"4":{"loc":{"start":{"line":60,"column":6},"end":{"line":62,"column":null}},"type":"if","locations":[{"start":{"line":60,"column":6},"end":{"line":62,"column":null}},{"start":{},"end":{}}]},"5":{"loc":{"start":{"line":66,"column":4},"end":{"line":115,"column":null}},"type":"if","locations":[{"start":{"line":66,"column":4},"end":{"line":115,"column":null}},{"start":{},"end":{}}]},"6":{"loc":{"start":{"line":80,"column":6},"end":{"line":82,"column":null}},"type":"if","locations":[{"start":{"line":80,"column":6},"end":{"line":82,"column":null}},{"start":{},"end":{}}]},"7":{"loc":{"start":{"line":86,"column":6},"end":{"line":89,"column":null}},"type":"if","locations":[{"start":{"line":86,"column":6},"end":{"line":89,"column":null}},{"start":{},"end":{}}]},"8":{"loc":{"start":{"line":86,"column":10},"end":{"line":86,"column":38}},"type":"binary-expr","locations":[{"start":{"line":86,"column":10},"end":{"line":86,"column":26}},{"start":{"line":86,"column":26},"end":{"line":86,"column":38}}]},"9":{"loc":{"start":{"line":92,"column":6},"end":{"line":111,"column":null}},"type":"if","locations":[{"start":{"line":92,"column":6},"end":{"line":111,"column":null}},{"start":{},"end":{}}]},"10":{"loc":{"start":{"line":107,"column":8},"end":{"line":110,"column":null}},"type":"if","locations":[{"start":{"line":107,"column":8},"end":{"line":110,"column":null}},{"start":{},"end":{}}]},"11":{"loc":{"start":{"line":107,"column":12},"end":{"line":107,"column":42}},"type":"binary-expr","locations":[{"start":{"line":107,"column":12},"end":{"line":107,"column":29}},{"start":{"line":107,"column":29},"end":{"line":107,"column":42}}]},"12":{"loc":{"start":{"line":119,"column":22},"end":{"line":119,"column":null}},"type":"cond-expr","locations":[{"start":{"line":119,"column":33},"end":{"line":119,"column":54}},{"start":{"line":119,"column":54},"end":{"line":119,"column":null}}]},"13":{"loc":{"start":{"line":120,"column":24},"end":{"line":120,"column":null}},"type":"cond-expr","locations":[{"start":{"line":120,"column":35},"end":{"line":120,"column":56}},{"start":{"line":120,"column":56},"end":{"line":120,"column":null}}]},"14":{"loc":{"start":{"line":136,"column":4},"end":{"line":138,"column":null}},"type":"if","locations":[{"start":{"line":136,"column":4},"end":{"line":138,"column":null}},{"start":{},"end":{}}]},"15":{"loc":{"start":{"line":136,"column":8},"end":{"line":136,"column":29}},"type":"binary-expr","locations":[{"start":{"line":136,"column":8},"end":{"line":136,"column":18}},{"start":{"line":136,"column":18},"end":{"line":136,"column":29}}]},"16":{"loc":{"start":{"line":142,"column":4},"end":{"line":145,"column":null}},"type":"if","locations":[{"start":{"line":142,"column":4},"end":{"line":145,"column":null}},{"start":{},"end":{}}]},"17":{"loc":{"start":{"line":149,"column":4},"end":{"line":152,"column":null}},"type":"if","locations":[{"start":{"line":149,"column":4},"end":{"line":152,"column":null}},{"start":{},"end":{}}]},"18":{"loc":{"start":{"line":166,"column":11},"end":{"line":166,"column":null}},"type":"binary-expr","locations":[{"start":{"line":166,"column":11},"end":{"line":166,"column":25}},{"start":{"line":166,"column":25},"end":{"line":166,"column":null}}]},"19":{"loc":{"start":{"line":167,"column":17},"end":{"line":167,"column":null}},"type":"binary-expr","locations":[{"start":{"line":167,"column":17},"end":{"line":167,"column":37}},{"start":{"line":167,"column":37},"end":{"line":167,"column":null}}]},"20":{"loc":{"start":{"line":168,"column":10},"end":{"line":168,"column":null}},"type":"binary-expr","locations":[{"start":{"line":168,"column":10},"end":{"line":168,"column":45}},{"start":{"line":168,"column":45},"end":{"line":168,"column":null}}]},"21":{"loc":{"start":{"line":169,"column":10},"end":{"line":169,"column":null}},"type":"binary-expr","locations":[{"start":{"line":169,"column":10},"end":{"line":169,"column":32}},{"start":{"line":169,"column":32},"end":{"line":169,"column":null}}]},"22":{"loc":{"start":{"line":170,"column":10},"end":{"line":170,"column":null}},"type":"binary-expr","locations":[{"start":{"line":170,"column":10},"end":{"line":170,"column":23}},{"start":{"line":170,"column":23},"end":{"line":170,"column":null}}]},"23":{"loc":{"start":{"line":171,"column":12},"end":{"line":171,"column":null}},"type":"binary-expr","locations":[{"start":{"line":171,"column":12},"end":{"line":171,"column":27}},{"start":{"line":171,"column":27},"end":{"line":171,"column":null}}]},"24":{"loc":{"start":{"line":173,"column":10},"end":{"line":173,"column":null}},"type":"binary-expr","locations":[{"start":{"line":173,"column":10},"end":{"line":173,"column":33}},{"start":{"line":173,"column":33},"end":{"line":173,"column":null}}]},"25":{"loc":{"start":{"line":175,"column":12},"end":{"line":175,"column":null}},"type":"cond-expr","locations":[{"start":{"line":175,"column":23},"end":{"line":175,"column":45}},{"start":{"line":175,"column":45},"end":{"line":175,"column":null}}]},"26":{"loc":{"start":{"line":175,"column":23},"end":{"line":175,"column":45}},"type":"binary-expr","locations":[{"start":{"line":175,"column":23},"end":{"line":175,"column":40}},{"start":{"line":175,"column":40},"end":{"line":175,"column":45}}]},"27":{"loc":{"start":{"line":175,"column":45},"end":{"line":175,"column":null}},"type":"binary-expr","locations":[{"start":{"line":175,"column":45},"end":{"line":175,"column":60}},{"start":{"line":175,"column":60},"end":{"line":175,"column":null}}]},"28":{"loc":{"start":{"line":176,"column":16},"end":{"line":176,"column":null}},"type":"binary-expr","locations":[{"start":{"line":176,"column":16},"end":{"line":176,"column":35}},{"start":{"line":176,"column":35},"end":{"line":176,"column":null}}]},"29":{"loc":{"start":{"line":177,"column":21},"end":{"line":177,"column":null}},"type":"binary-expr","locations":[{"start":{"line":177,"column":21},"end":{"line":177,"column":45}},{"start":{"line":177,"column":45},"end":{"line":177,"column":null}}]},"30":{"loc":{"start":{"line":178,"column":18},"end":{"line":178,"column":null}},"type":"binary-expr","locations":[{"start":{"line":178,"column":18},"end":{"line":178,"column":39}},{"start":{"line":178,"column":39},"end":{"line":178,"column":null}}]},"31":{"loc":{"start":{"line":191,"column":2},"end":{"line":195,"column":null}},"type":"if","locations":[{"start":{"line":191,"column":2},"end":{"line":195,"column":null}},{"start":{"line":193,"column":9},"end":{"line":195,"column":null}}]},"32":{"loc":{"start":{"line":204,"column":49},"end":{"line":204,"column":114}},"type":"default-arg","locations":[{"start":{"line":204,"column":82},"end":{"line":204,"column":114}}]},"33":{"loc":{"start":{"line":205,"column":2},"end":{"line":209,"column":null}},"type":"if","locations":[{"start":{"line":205,"column":2},"end":{"line":209,"column":null}},{"start":{"line":207,"column":9},"end":{"line":209,"column":null}}]},"34":{"loc":{"start":{"line":219,"column":10},"end":{"line":219,"column":37}},"type":"default-arg","locations":[{"start":{"line":219,"column":27},"end":{"line":219,"column":37}}]},"35":{"loc":{"start":{"line":221,"column":2},"end":{"line":225,"column":null}},"type":"if","locations":[{"start":{"line":221,"column":2},"end":{"line":225,"column":null}},{"start":{"line":223,"column":9},"end":{"line":225,"column":null}}]},"36":{"loc":{"start":{"line":237,"column":57},"end":{"line":237,"column":95}},"type":"default-arg","locations":[{"start":{"line":237,"column":69},"end":{"line":237,"column":95}}]},"37":{"loc":{"start":{"line":240,"column":4},"end":{"line":248,"column":null}},"type":"if","locations":[{"start":{"line":240,"column":4},"end":{"line":248,"column":null}},{"start":{"line":244,"column":9},"end":{"line":248,"column":null}}]}},"s":{"0":3,"1":2,"2":1,"3":1,"4":3,"5":5,"6":5,"7":5,"8":5,"9":5,"10":5,"11":4,"12":1,"13":4,"14":0,"15":0,"16":0,"17":0,"18":0,"19":0,"20":0,"21":0,"22":0,"23":0,"24":0,"25":0,"26":0,"27":0,"28":0,"29":0,"30":4,"31":4,"32":4,"33":4,"34":4,"35":4,"36":4,"37":3,"38":4,"39":4,"40":1,"41":1,"42":3,"43":3,"44":0,"45":0,"46":3,"47":2,"48":2,"49":3,"50":3,"51":3,"52":3,"53":3,"54":2,"55":1,"56":1,"57":3,"58":2,"59":1,"60":1,"61":3,"62":2,"63":2,"64":1,"65":1,"66":3,"67":2,"68":2,"69":1,"70":1,"71":1,"72":0,"73":0},"f":{"0":2,"1":5,"2":3,"3":2,"4":2,"5":2,"6":2},"b":{"0":[0],"1":[1,1],"2":[5,1],"3":[4,1],"4":[1,3],"5":[0,4],"6":[0,0],"7":[0,0],"8":[0,0],"9":[0,0],"10":[0,0],"11":[0,0],"12":[1,3],"13":[1,3],"14":[3,1],"15":[4,4],"16":[1,3],"17":[0,3],"18":[3,1],"19":[3,1],"20":[3,0],"21":[3,1],"22":[3,1],"23":[3,1],"24":[3,1],"25":[1,2],"26":[1,0],"27":[2,1],"28":[3,3],"29":[3,3],"30":[3,3],"31":[1,1],"32":[0],"33":[1,1],"34":[0],"35":[1,1],"36":[2],"37":[1,1]}}
,"/Users/kamogelokhumalo/Documents/school/sd/update/CICADA/src/services/api/folderService.ts": {"path":"/Users/kamogelokhumalo/Documents/school/sd/update/CICADA/src/services/api/folderService.ts","statementMap":{"0":{"start":{"line":10,"column":36},"end":{"line":72,"column":null}},"1":{"start":{"line":11,"column":2},"end":{"line":71,"column":null}},"2":{"start":{"line":12,"column":4},"end":{"line":31,"column":null}},"3":{"start":{"line":14,"column":30},"end":{"line":17,"column":null}},"4":{"start":{"line":19,"column":6},"end":{"line":19,"column":null}},"5":{"start":{"line":19,"column":17},"end":{"line":19,"column":null}},"6":{"start":{"line":22,"column":26},"end":{"line":25,"column":null}},"7":{"start":{"line":23,"column":20},"end":{"line":23,"column":30}},"8":{"start":{"line":25,"column":40},"end":{"line":25,"column":69}},"9":{"start":{"line":27,"column":6},"end":{"line":27,"column":null}},"10":{"start":{"line":29,"column":6},"end":{"line":29,"column":null}},"11":{"start":{"line":30,"column":6},"end":{"line":30,"column":null}},"12":{"start":{"line":34,"column":4},"end":{"line":70,"column":null}},"13":{"start":{"line":80,"column":24},"end":{"line":130,"column":null}},"14":{"start":{"line":82,"column":53},"end":{"line":82,"column":null}},"15":{"start":{"line":85,"column":2},"end":{"line":105,"column":null}},"16":{"start":{"line":86,"column":4},"end":{"line":86,"column":null}},"17":{"start":{"line":86,"column":19},"end":{"line":86,"column":null}},"18":{"start":{"line":89,"column":22},"end":{"line":89,"column":null}},"19":{"start":{"line":92,"column":4},"end":{"line":104,"column":null}},"20":{"start":{"line":92,"column":17},"end":{"line":92,"column":20}},"21":{"start":{"line":93,"column":26},"end":{"line":93,"column":null}},"22":{"start":{"line":94,"column":26},"end":{"line":94,"column":null}},"23":{"start":{"line":97,"column":6},"end":{"line":103,"column":null}},"24":{"start":{"line":98,"column":8},"end":{"line":102,"column":null}},"25":{"start":{"line":108,"column":41},"end":{"line":108,"column":null}},"26":{"start":{"line":110,"column":2},"end":{"line":127,"column":null}},"27":{"start":{"line":111,"column":19},"end":{"line":111,"column":null}},"28":{"start":{"line":112,"column":22},"end":{"line":112,"column":null}},"29":{"start":{"line":114,"column":4},"end":{"line":126,"column":null}},"30":{"start":{"line":116,"column":6},"end":{"line":116,"column":null}},"31":{"start":{"line":119,"column":25},"end":{"line":119,"column":null}},"32":{"start":{"line":120,"column":21},"end":{"line":120,"column":null}},"33":{"start":{"line":123,"column":6},"end":{"line":125,"column":null}},"34":{"start":{"line":123,"column":51},"end":{"line":123,"column":77}},"35":{"start":{"line":124,"column":8},"end":{"line":124,"column":null}},"36":{"start":{"line":129,"column":2},"end":{"line":129,"column":null}},"37":{"start":{"line":139,"column":28},"end":{"line":207,"column":null}},"38":{"start":{"line":140,"column":2},"end":{"line":142,"column":null}},"39":{"start":{"line":141,"column":4},"end":{"line":141,"column":null}},"40":{"start":{"line":144,"column":2},"end":{"line":206,"column":null}},"41":{"start":{"line":146,"column":21},"end":{"line":146,"column":null}},"42":{"start":{"line":149,"column":4},"end":{"line":153,"column":null}},"43":{"start":{"line":151,"column":6},"end":{"line":151,"column":null}},"44":{"start":{"line":152,"column":6},"end":{"line":152,"column":null}},"45":{"start":{"line":156,"column":23},"end":{"line":156,"column":null}},"46":{"start":{"line":158,"column":4},"end":{"line":158,"column":null}},"47":{"start":{"line":161,"column":57},"end":{"line":165,"column":null}},"48":{"start":{"line":167,"column":4},"end":{"line":167,"column":null}},"49":{"start":{"line":167,"column":20},"end":{"line":167,"column":null}},"50":{"start":{"line":169,"column":4},"end":{"line":171,"column":null}},"51":{"start":{"line":170,"column":6},"end":{"line":170,"column":null}},"52":{"start":{"line":174,"column":31},"end":{"line":174,"column":null}},"53":{"start":{"line":175,"column":4},"end":{"line":177,"column":null}},"54":{"start":{"line":176,"column":6},"end":{"line":176,"column":null}},"55":{"start":{"line":180,"column":28},"end":{"line":191,"column":null}},"56":{"start":{"line":193,"column":4},"end":{"line":193,"column":null}},"57":{"start":{"line":193,"column":15},"end":{"line":193,"column":null}},"58":{"start":{"line":196,"column":39},"end":{"line":200,"column":null}},"59":{"start":{"line":202,"column":4},"end":{"line":202,"column":null}},"60":{"start":{"line":204,"column":4},"end":{"line":204,"column":null}},"61":{"start":{"line":205,"column":4},"end":{"line":205,"column":null}},"62":{"start":{"line":216,"column":28},"end":{"line":290,"column":null}},"63":{"start":{"line":217,"column":2},"end":{"line":219,"column":null}},"64":{"start":{"line":218,"column":4},"end":{"line":218,"column":null}},"65":{"start":{"line":221,"column":2},"end":{"line":289,"column":null}},"66":{"start":{"line":223,"column":22},"end":{"line":223,"column":null}},"67":{"start":{"line":224,"column":20},"end":{"line":224,"column":null}},"68":{"start":{"line":225,"column":23},"end":{"line":225,"column":null}},"69":{"start":{"line":228,"column":20},"end":{"line":228,"column":null}},"70":{"start":{"line":231,"column":57},"end":{"line":235,"column":null}},"71":{"start":{"line":237,"column":4},"end":{"line":237,"column":null}},"72":{"start":{"line":237,"column":20},"end":{"line":237,"column":null}},"73":{"start":{"line":239,"column":4},"end":{"line":241,"column":null}},"74":{"start":{"line":240,"column":6},"end":{"line":240,"column":null}},"75":{"start":{"line":244,"column":31},"end":{"line":244,"column":null}},"76":{"start":{"line":245,"column":4},"end":{"line":247,"column":null}},"77":{"start":{"line":246,"column":6},"end":{"line":246,"column":null}},"78":{"start":{"line":250,"column":28},"end":{"line":255,"column":null}},"79":{"start":{"line":257,"column":4},"end":{"line":257,"column":null}},"80":{"start":{"line":257,"column":15},"end":{"line":257,"column":null}},"81":{"start":{"line":260,"column":59},"end":{"line":264,"column":null}},"82":{"start":{"line":266,"column":4},"end":{"line":266,"column":null}},"83":{"start":{"line":266,"column":24},"end":{"line":266,"column":null}},"84":{"start":{"line":269,"column":4},"end":{"line":276,"column":null}},"85":{"start":{"line":270,"column":31},"end":{"line":270,"column":null}},"86":{"start":{"line":271,"column":6},"end":{"line":275,"column":null}},"87":{"start":{"line":279,"column":43},"end":{"line":283,"column":null}},"88":{"start":{"line":285,"column":4},"end":{"line":285,"column":null}},"89":{"start":{"line":287,"column":4},"end":{"line":287,"column":null}},"90":{"start":{"line":288,"column":4},"end":{"line":288,"column":null}},"91":{"start":{"line":298,"column":28},"end":{"line":333,"column":null}},"92":{"start":{"line":299,"column":2},"end":{"line":301,"column":null}},"93":{"start":{"line":300,"column":4},"end":{"line":300,"column":null}},"94":{"start":{"line":303,"column":2},"end":{"line":332,"column":null}},"95":{"start":{"line":305,"column":31},"end":{"line":305,"column":null}},"96":{"start":{"line":306,"column":4},"end":{"line":308,"column":null}},"97":{"start":{"line":307,"column":6},"end":{"line":307,"column":null}},"98":{"start":{"line":311,"column":35},"end":{"line":315,"column":null}},"99":{"start":{"line":317,"column":4},"end":{"line":317,"column":null}},"100":{"start":{"line":317,"column":21},"end":{"line":317,"column":null}},"101":{"start":{"line":320,"column":38},"end":{"line":324,"column":null}},"102":{"start":{"line":326,"column":4},"end":{"line":326,"column":null}},"103":{"start":{"line":326,"column":24},"end":{"line":326,"column":null}},"104":{"start":{"line":328,"column":4},"end":{"line":328,"column":null}},"105":{"start":{"line":330,"column":4},"end":{"line":330,"column":null}},"106":{"start":{"line":331,"column":4},"end":{"line":331,"column":null}}},"fnMap":{"0":{"name":"(anonymous_0)","decl":{"start":{"line":10,"column":36},"end":{"line":10,"column":43}},"loc":{"start":{"line":10,"column":118},"end":{"line":72,"column":null}}},"1":{"name":"(anonymous_1)","decl":{"start":{"line":23,"column":13},"end":{"line":23,"column":20}},"loc":{"start":{"line":23,"column":20},"end":{"line":23,"column":30}}},"2":{"name":"(anonymous_2)","decl":{"start":{"line":25,"column":16},"end":{"line":25,"column":17}},"loc":{"start":{"line":25,"column":40},"end":{"line":25,"column":69}}},"3":{"name":"(anonymous_3)","decl":{"start":{"line":80,"column":24},"end":{"line":80,"column":25}},"loc":{"start":{"line":80,"column":64},"end":{"line":130,"column":null}}},"4":{"name":"(anonymous_4)","decl":{"start":{"line":85,"column":16},"end":{"line":85,"column":28}},"loc":{"start":{"line":85,"column":28},"end":{"line":105,"column":3}}},"5":{"name":"(anonymous_5)","decl":{"start":{"line":110,"column":33},"end":{"line":110,"column":41}},"loc":{"start":{"line":110,"column":41},"end":{"line":127,"column":3}}},"6":{"name":"(anonymous_6)","decl":{"start":{"line":123,"column":42},"end":{"line":123,"column":51}},"loc":{"start":{"line":123,"column":51},"end":{"line":123,"column":77}}},"7":{"name":"(anonymous_7)","decl":{"start":{"line":139,"column":28},"end":{"line":139,"column":35}},"loc":{"start":{"line":139,"column":136},"end":{"line":207,"column":null}}},"8":{"name":"(anonymous_8)","decl":{"start":{"line":216,"column":28},"end":{"line":216,"column":35}},"loc":{"start":{"line":216,"column":139},"end":{"line":290,"column":null}}},"9":{"name":"(anonymous_9)","decl":{"start":{"line":298,"column":28},"end":{"line":298,"column":35}},"loc":{"start":{"line":298,"column":114},"end":{"line":333,"column":null}}}},"branchMap":{"0":{"loc":{"start":{"line":10,"column":43},"end":{"line":10,"column":118}},"type":"default-arg","locations":[{"start":{"line":10,"column":76},"end":{"line":10,"column":118}}]},"1":{"loc":{"start":{"line":11,"column":2},"end":{"line":71,"column":null}},"type":"if","locations":[{"start":{"line":11,"column":2},"end":{"line":71,"column":null}},{"start":{"line":32,"column":9},"end":{"line":71,"column":null}}]},"2":{"loc":{"start":{"line":19,"column":6},"end":{"line":19,"column":null}},"type":"if","locations":[{"start":{"line":19,"column":6},"end":{"line":19,"column":null}},{"start":{},"end":{}}]},"3":{"loc":{"start":{"line":86,"column":4},"end":{"line":86,"column":null}},"type":"if","locations":[{"start":{"line":86,"column":4},"end":{"line":86,"column":null}},{"start":{},"end":{}}]},"4":{"loc":{"start":{"line":97,"column":6},"end":{"line":103,"column":null}},"type":"if","locations":[{"start":{"line":97,"column":6},"end":{"line":103,"column":null}},{"start":{},"end":{}}]},"5":{"loc":{"start":{"line":114,"column":4},"end":{"line":126,"column":null}},"type":"if","locations":[{"start":{"line":114,"column":4},"end":{"line":126,"column":null}},{"start":{"line":117,"column":11},"end":{"line":126,"column":null}}]},"6":{"loc":{"start":{"line":123,"column":6},"end":{"line":125,"column":null}},"type":"if","locations":[{"start":{"line":123,"column":6},"end":{"line":125,"column":null}},{"start":{},"end":{}}]},"7":{"loc":{"start":{"line":123,"column":10},"end":{"line":123,"column":80}},"type":"binary-expr","locations":[{"start":{"line":123,"column":10},"end":{"line":123,"column":20}},{"start":{"line":123,"column":20},"end":{"line":123,"column":80}}]},"8":{"loc":{"start":{"line":139,"column":63},"end":{"line":139,"column":136}},"type":"default-arg","locations":[{"start":{"line":139,"column":96},"end":{"line":139,"column":136}}]},"9":{"loc":{"start":{"line":140,"column":2},"end":{"line":142,"column":null}},"type":"if","locations":[{"start":{"line":140,"column":2},"end":{"line":142,"column":null}},{"start":{},"end":{}}]},"10":{"loc":{"start":{"line":146,"column":21},"end":{"line":146,"column":null}},"type":"binary-expr","locations":[{"start":{"line":146,"column":21},"end":{"line":146,"column":37}},{"start":{"line":146,"column":37},"end":{"line":146,"column":null}}]},"11":{"loc":{"start":{"line":149,"column":4},"end":{"line":153,"column":null}},"type":"if","locations":[{"start":{"line":149,"column":4},"end":{"line":153,"column":null}},{"start":{},"end":{}}]},"12":{"loc":{"start":{"line":149,"column":8},"end":{"line":149,"column":64}},"type":"binary-expr","locations":[{"start":{"line":149,"column":8},"end":{"line":149,"column":43}},{"start":{"line":149,"column":43},"end":{"line":149,"column":64}}]},"13":{"loc":{"start":{"line":156,"column":23},"end":{"line":156,"column":null}},"type":"cond-expr","locations":[{"start":{"line":156,"column":36},"end":{"line":156,"column":62}},{"start":{"line":156,"column":62},"end":{"line":156,"column":null}}]},"14":{"loc":{"start":{"line":167,"column":4},"end":{"line":167,"column":null}},"type":"if","locations":[{"start":{"line":167,"column":4},"end":{"line":167,"column":null}},{"start":{},"end":{}}]},"15":{"loc":{"start":{"line":169,"column":4},"end":{"line":171,"column":null}},"type":"if","locations":[{"start":{"line":169,"column":4},"end":{"line":171,"column":null}},{"start":{},"end":{}}]},"16":{"loc":{"start":{"line":169,"column":8},"end":{"line":169,"column":55}},"type":"binary-expr","locations":[{"start":{"line":169,"column":8},"end":{"line":169,"column":27}},{"start":{"line":169,"column":27},"end":{"line":169,"column":55}}]},"17":{"loc":{"start":{"line":175,"column":4},"end":{"line":177,"column":null}},"type":"if","locations":[{"start":{"line":175,"column":4},"end":{"line":177,"column":null}},{"start":{},"end":{}}]},"18":{"loc":{"start":{"line":193,"column":4},"end":{"line":193,"column":null}},"type":"if","locations":[{"start":{"line":193,"column":4},"end":{"line":193,"column":null}},{"start":{},"end":{}}]},"19":{"loc":{"start":{"line":216,"column":66},"end":{"line":216,"column":139}},"type":"default-arg","locations":[{"start":{"line":216,"column":99},"end":{"line":216,"column":139}}]},"20":{"loc":{"start":{"line":217,"column":2},"end":{"line":219,"column":null}},"type":"if","locations":[{"start":{"line":217,"column":2},"end":{"line":219,"column":null}},{"start":{},"end":{}}]},"21":{"loc":{"start":{"line":224,"column":20},"end":{"line":224,"column":null}},"type":"binary-expr","locations":[{"start":{"line":224,"column":20},"end":{"line":224,"column":39}},{"start":{"line":224,"column":39},"end":{"line":224,"column":null}}]},"22":{"loc":{"start":{"line":228,"column":20},"end":{"line":228,"column":null}},"type":"cond-expr","locations":[{"start":{"line":228,"column":33},"end":{"line":228,"column":62}},{"start":{"line":228,"column":62},"end":{"line":228,"column":null}}]},"23":{"loc":{"start":{"line":237,"column":4},"end":{"line":237,"column":null}},"type":"if","locations":[{"start":{"line":237,"column":4},"end":{"line":237,"column":null}},{"start":{},"end":{}}]},"24":{"loc":{"start":{"line":239,"column":4},"end":{"line":241,"column":null}},"type":"if","locations":[{"start":{"line":239,"column":4},"end":{"line":241,"column":null}},{"start":{},"end":{}}]},"25":{"loc":{"start":{"line":239,"column":8},"end":{"line":239,"column":55}},"type":"binary-expr","locations":[{"start":{"line":239,"column":8},"end":{"line":239,"column":27}},{"start":{"line":239,"column":27},"end":{"line":239,"column":55}}]},"26":{"loc":{"start":{"line":245,"column":4},"end":{"line":247,"column":null}},"type":"if","locations":[{"start":{"line":245,"column":4},"end":{"line":247,"column":null}},{"start":{},"end":{}}]},"27":{"loc":{"start":{"line":257,"column":4},"end":{"line":257,"column":null}},"type":"if","locations":[{"start":{"line":257,"column":4},"end":{"line":257,"column":null}},{"start":{},"end":{}}]},"28":{"loc":{"start":{"line":266,"column":4},"end":{"line":266,"column":null}},"type":"if","locations":[{"start":{"line":266,"column":4},"end":{"line":266,"column":null}},{"start":{},"end":{}}]},"29":{"loc":{"start":{"line":269,"column":22},"end":{"line":269,"column":43}},"type":"binary-expr","locations":[{"start":{"line":269,"column":22},"end":{"line":269,"column":39}},{"start":{"line":269,"column":39},"end":{"line":269,"column":43}}]},"30":{"loc":{"start":{"line":298,"column":49},"end":{"line":298,"column":114}},"type":"default-arg","locations":[{"start":{"line":298,"column":82},"end":{"line":298,"column":114}}]},"31":{"loc":{"start":{"line":299,"column":2},"end":{"line":301,"column":null}},"type":"if","locations":[{"start":{"line":299,"column":2},"end":{"line":301,"column":null}},{"start":{},"end":{}}]},"32":{"loc":{"start":{"line":306,"column":4},"end":{"line":308,"column":null}},"type":"if","locations":[{"start":{"line":306,"column":4},"end":{"line":308,"column":null}},{"start":{},"end":{}}]},"33":{"loc":{"start":{"line":317,"column":4},"end":{"line":317,"column":null}},"type":"if","locations":[{"start":{"line":317,"column":4},"end":{"line":317,"column":null}},{"start":{},"end":{}}]},"34":{"loc":{"start":{"line":326,"column":4},"end":{"line":326,"column":null}},"type":"if","locations":[{"start":{"line":326,"column":4},"end":{"line":326,"column":null}},{"start":{},"end":{}}]}},"s":{"0":3,"1":2,"2":1,"3":1,"4":1,"5":0,"6":1,"7":3,"8":3,"9":1,"10":0,"11":0,"12":1,"13":3,"14":1,"15":1,"16":3,"17":0,"18":3,"19":3,"20":3,"21":5,"22":5,"23":5,"24":3,"25":1,"26":1,"27":3,"28":3,"29":3,"30":1,"31":2,"32":2,"33":2,"34":1,"35":2,"36":1,"37":3,"38":3,"39":1,"40":2,"41":2,"42":2,"43":0,"44":0,"45":2,"46":2,"47":2,"48":2,"49":0,"50":2,"51":0,"52":2,"53":2,"54":1,"55":1,"56":1,"57":0,"58":1,"59":1,"60":1,"61":1,"62":3,"63":2,"64":1,"65":1,"66":1,"67":1,"68":1,"69":1,"70":1,"71":1,"72":0,"73":1,"74":0,"75":1,"76":1,"77":0,"78":1,"79":1,"80":0,"81":1,"82":1,"83":0,"84":1,"85":0,"86":0,"87":1,"88":1,"89":0,"90":0,"91":3,"92":3,"93":1,"94":2,"95":2,"96":2,"97":1,"98":1,"99":1,"100":0,"101":1,"102":1,"103":0,"104":1,"105":1,"106":1},"f":{"0":2,"1":3,"2":3,"3":1,"4":3,"5":3,"6":1,"7":3,"8":2,"9":3},"b":{"0":[0],"1":[1,1],"2":[0,1],"3":[0,3],"4":[3,2],"5":[1,2],"6":[2,0],"7":[2,2],"8":[0],"9":[1,2],"10":[2,0],"11":[0,2],"12":[2,2],"13":[2,0],"14":[0,2],"15":[0,2],"16":[2,2],"17":[1,1],"18":[0,1],"19":[0],"20":[1,1],"21":[1,0],"22":[1,0],"23":[0,1],"24":[0,1],"25":[1,1],"26":[0,1],"27":[0,1],"28":[0,1],"29":[1,1],"30":[0],"31":[1,2],"32":[1,1],"33":[0,1],"34":[0,1]}}
,"/Users/kamogelokhumalo/Documents/school/sd/update/CICADA/src/services/api/privateDocumentService.ts": {"path":"/Users/kamogelokhumalo/Documents/school/sd/update/CICADA/src/services/api/privateDocumentService.ts","statementMap":{"0":{"start":{"line":10,"column":37},"end":{"line":59,"column":null}},"1":{"start":{"line":11,"column":2},"end":{"line":58,"column":null}},"2":{"start":{"line":12,"column":4},"end":{"line":12,"column":null}},"3":{"start":{"line":15,"column":28},"end":{"line":24,"column":null}},"4":{"start":{"line":26,"column":4},"end":{"line":29,"column":null}},"5":{"start":{"line":27,"column":6},"end":{"line":27,"column":null}},"6":{"start":{"line":28,"column":6},"end":{"line":28,"column":null}},"7":{"start":{"line":31,"column":4},"end":{"line":31,"column":null}},"8":{"start":{"line":34,"column":22},"end":{"line":50,"column":null}},"9":{"start":{"line":34,"column":47},"end":{"line":50,"column":6}},"10":{"start":{"line":52,"column":4},"end":{"line":52,"column":null}},"11":{"start":{"line":53,"column":4},"end":{"line":53,"column":null}},"12":{"start":{"line":56,"column":4},"end":{"line":56,"column":null}},"13":{"start":{"line":57,"column":4},"end":{"line":57,"column":null}},"14":{"start":{"line":67,"column":28},"end":{"line":80,"column":null}},"15":{"start":{"line":68,"column":2},"end":{"line":79,"column":null}},"16":{"start":{"line":69,"column":28},"end":{"line":72,"column":null}},"17":{"start":{"line":74,"column":4},"end":{"line":74,"column":null}},"18":{"start":{"line":74,"column":15},"end":{"line":74,"column":null}},"19":{"start":{"line":75,"column":4},"end":{"line":75,"column":null}},"20":{"start":{"line":77,"column":4},"end":{"line":77,"column":null}},"21":{"start":{"line":78,"column":4},"end":{"line":78,"column":null}},"22":{"start":{"line":87,"column":37},"end":{"line":130,"column":null}},"23":{"start":{"line":88,"column":2},"end":{"line":129,"column":null}},"24":{"start":{"line":90,"column":31},"end":{"line":90,"column":null}},"25":{"start":{"line":91,"column":4},"end":{"line":93,"column":null}},"26":{"start":{"line":92,"column":6},"end":{"line":92,"column":null}},"27":{"start":{"line":96,"column":23},"end":{"line":103,"column":null}},"28":{"start":{"line":106,"column":28},"end":{"line":112,"column":null}},"29":{"start":{"line":114,"column":4},"end":{"line":114,"column":null}},"30":{"start":{"line":114,"column":15},"end":{"line":114,"column":null}},"31":{"start":{"line":117,"column":4},"end":{"line":125,"column":null}},"32":{"start":{"line":127,"column":4},"end":{"line":127,"column":null}},"33":{"start":{"line":128,"column":4},"end":{"line":128,"column":null}},"34":{"start":{"line":137,"column":37},"end":{"line":190,"column":null}},"35":{"start":{"line":138,"column":2},"end":{"line":189,"column":null}},"36":{"start":{"line":140,"column":31},"end":{"line":140,"column":null}},"37":{"start":{"line":141,"column":4},"end":{"line":143,"column":null}},"38":{"start":{"line":142,"column":6},"end":{"line":142,"column":null}},"39":{"start":{"line":146,"column":54},"end":{"line":151,"column":null}},"40":{"start":{"line":153,"column":4},"end":{"line":153,"column":null}},"41":{"start":{"line":153,"column":20},"end":{"line":153,"column":null}},"42":{"start":{"line":157,"column":4},"end":{"line":162,"column":null}},"43":{"start":{"line":158,"column":6},"end":{"line":158,"column":null}},"44":{"start":{"line":161,"column":6},"end":{"line":161,"column":null}},"45":{"start":{"line":165,"column":4},"end":{"line":175,"column":null}},"46":{"start":{"line":166,"column":38},"end":{"line":169,"column":null}},"47":{"start":{"line":171,"column":6},"end":{"line":174,"column":null}},"48":{"start":{"line":172,"column":8},"end":{"line":172,"column":null}},"49":{"start":{"line":178,"column":22},"end":{"line":181,"column":null}},"50":{"start":{"line":183,"column":4},"end":{"line":183,"column":null}},"51":{"start":{"line":183,"column":15},"end":{"line":183,"column":null}},"52":{"start":{"line":185,"column":4},"end":{"line":185,"column":null}},"53":{"start":{"line":187,"column":4},"end":{"line":187,"column":null}},"54":{"start":{"line":188,"column":4},"end":{"line":188,"column":null}},"55":{"start":{"line":198,"column":37},"end":{"line":311,"column":null}},"56":{"start":{"line":202,"column":2},"end":{"line":310,"column":null}},"57":{"start":{"line":204,"column":49},"end":{"line":204,"column":null}},"58":{"start":{"line":205,"column":4},"end":{"line":207,"column":null}},"59":{"start":{"line":206,"column":6},"end":{"line":206,"column":null}},"60":{"start":{"line":209,"column":4},"end":{"line":209,"column":null}},"61":{"start":{"line":211,"column":93},"end":{"line":211,"column":null}},"62":{"start":{"line":214,"column":55},"end":{"line":221,"column":null}},"63":{"start":{"line":223,"column":4},"end":{"line":223,"column":null}},"64":{"start":{"line":223,"column":20},"end":{"line":223,"column":null}},"65":{"start":{"line":225,"column":4},"end":{"line":227,"column":null}},"66":{"start":{"line":226,"column":6},"end":{"line":226,"column":null}},"67":{"start":{"line":230,"column":22},"end":{"line":230,"column":null}},"68":{"start":{"line":231,"column":25},"end":{"line":231,"column":null}},"69":{"start":{"line":234,"column":23},"end":{"line":234,"column":null}},"70":{"start":{"line":235,"column":24},"end":{"line":235,"column":null}},"71":{"start":{"line":237,"column":4},"end":{"line":237,"column":null}},"72":{"start":{"line":240,"column":55},"end":{"line":247,"column":null}},"73":{"start":{"line":249,"column":4},"end":{"line":252,"column":null}},"74":{"start":{"line":250,"column":6},"end":{"line":250,"column":null}},"75":{"start":{"line":251,"column":6},"end":{"line":251,"column":null}},"76":{"start":{"line":256,"column":21},"end":{"line":256,"column":null}},"77":{"start":{"line":257,"column":4},"end":{"line":257,"column":null}},"78":{"start":{"line":260,"column":25},"end":{"line":276,"column":null}},"79":{"start":{"line":278,"column":4},"end":{"line":278,"column":null}},"80":{"start":{"line":281,"column":28},"end":{"line":285,"column":null}},"81":{"start":{"line":287,"column":4},"end":{"line":298,"column":null}},"82":{"start":{"line":288,"column":6},"end":{"line":288,"column":null}},"83":{"start":{"line":291,"column":6},"end":{"line":295,"column":null}},"84":{"start":{"line":292,"column":8},"end":{"line":292,"column":null}},"85":{"start":{"line":294,"column":8},"end":{"line":294,"column":null}},"86":{"start":{"line":297,"column":6},"end":{"line":297,"column":null}},"87":{"start":{"line":300,"column":4},"end":{"line":306,"column":null}},"88":{"start":{"line":308,"column":4},"end":{"line":308,"column":null}},"89":{"start":{"line":309,"column":4},"end":{"line":309,"column":null}}},"fnMap":{"0":{"name":"(anonymous_0)","decl":{"start":{"line":10,"column":37},"end":{"line":10,"column":70}},"loc":{"start":{"line":10,"column":70},"end":{"line":59,"column":null}}},"1":{"name":"(anonymous_1)","decl":{"start":{"line":34,"column":31},"end":{"line":34,"column":32}},"loc":{"start":{"line":34,"column":47},"end":{"line":50,"column":6}}},"2":{"name":"(anonymous_2)","decl":{"start":{"line":67,"column":28},"end":{"line":67,"column":35}},"loc":{"start":{"line":67,"column":94},"end":{"line":80,"column":null}}},"3":{"name":"(anonymous_3)","decl":{"start":{"line":87,"column":37},"end":{"line":87,"column":44}},"loc":{"start":{"line":87,"column":86},"end":{"line":130,"column":null}}},"4":{"name":"(anonymous_4)","decl":{"start":{"line":137,"column":37},"end":{"line":137,"column":44}},"loc":{"start":{"line":137,"column":77},"end":{"line":190,"column":null}}},"5":{"name":"(anonymous_5)","decl":{"start":{"line":198,"column":37},"end":{"line":198,"column":null}},"loc":{"start":{"line":201,"column":38},"end":{"line":311,"column":null}}}},"branchMap":{"0":{"loc":{"start":{"line":26,"column":4},"end":{"line":29,"column":null}},"type":"if","locations":[{"start":{"line":26,"column":4},"end":{"line":29,"column":null}},{"start":{},"end":{}}]},"1":{"loc":{"start":{"line":37,"column":13},"end":{"line":37,"column":null}},"type":"binary-expr","locations":[{"start":{"line":37,"column":13},"end":{"line":37,"column":27}},{"start":{"line":37,"column":27},"end":{"line":37,"column":null}}]},"2":{"loc":{"start":{"line":38,"column":19},"end":{"line":38,"column":null}},"type":"binary-expr","locations":[{"start":{"line":38,"column":19},"end":{"line":38,"column":39}},{"start":{"line":38,"column":39},"end":{"line":38,"column":null}}]},"3":{"loc":{"start":{"line":39,"column":12},"end":{"line":39,"column":null}},"type":"binary-expr","locations":[{"start":{"line":39,"column":12},"end":{"line":39,"column":47}},{"start":{"line":39,"column":47},"end":{"line":39,"column":null}}]},"4":{"loc":{"start":{"line":40,"column":12},"end":{"line":40,"column":null}},"type":"binary-expr","locations":[{"start":{"line":40,"column":12},"end":{"line":40,"column":34}},{"start":{"line":40,"column":34},"end":{"line":40,"column":null}}]},"5":{"loc":{"start":{"line":41,"column":12},"end":{"line":41,"column":null}},"type":"binary-expr","locations":[{"start":{"line":41,"column":12},"end":{"line":41,"column":25}},{"start":{"line":41,"column":25},"end":{"line":41,"column":null}}]},"6":{"loc":{"start":{"line":42,"column":14},"end":{"line":42,"column":null}},"type":"binary-expr","locations":[{"start":{"line":42,"column":14},"end":{"line":42,"column":29}},{"start":{"line":42,"column":29},"end":{"line":42,"column":null}}]},"7":{"loc":{"start":{"line":44,"column":12},"end":{"line":44,"column":null}},"type":"binary-expr","locations":[{"start":{"line":44,"column":12},"end":{"line":44,"column":35}},{"start":{"line":44,"column":35},"end":{"line":44,"column":null}}]},"8":{"loc":{"start":{"line":46,"column":14},"end":{"line":46,"column":null}},"type":"binary-expr","locations":[{"start":{"line":46,"column":14},"end":{"line":46,"column":29}},{"start":{"line":46,"column":29},"end":{"line":46,"column":null}}]},"9":{"loc":{"start":{"line":47,"column":18},"end":{"line":47,"column":null}},"type":"binary-expr","locations":[{"start":{"line":47,"column":18},"end":{"line":47,"column":37}},{"start":{"line":47,"column":37},"end":{"line":47,"column":null}}]},"10":{"loc":{"start":{"line":48,"column":23},"end":{"line":48,"column":null}},"type":"binary-expr","locations":[{"start":{"line":48,"column":23},"end":{"line":48,"column":47}},{"start":{"line":48,"column":47},"end":{"line":48,"column":null}}]},"11":{"loc":{"start":{"line":49,"column":20},"end":{"line":49,"column":null}},"type":"binary-expr","locations":[{"start":{"line":49,"column":20},"end":{"line":49,"column":41}},{"start":{"line":49,"column":41},"end":{"line":49,"column":null}}]},"12":{"loc":{"start":{"line":67,"column":56},"end":{"line":67,"column":94}},"type":"default-arg","locations":[{"start":{"line":67,"column":68},"end":{"line":67,"column":94}}]},"13":{"loc":{"start":{"line":74,"column":4},"end":{"line":74,"column":null}},"type":"if","locations":[{"start":{"line":74,"column":4},"end":{"line":74,"column":null}},{"start":{},"end":{}}]},"14":{"loc":{"start":{"line":91,"column":4},"end":{"line":93,"column":null}},"type":"if","locations":[{"start":{"line":91,"column":4},"end":{"line":93,"column":null}},{"start":{},"end":{}}]},"15":{"loc":{"start":{"line":114,"column":4},"end":{"line":114,"column":null}},"type":"if","locations":[{"start":{"line":114,"column":4},"end":{"line":114,"column":null}},{"start":{},"end":{}}]},"16":{"loc":{"start":{"line":121,"column":12},"end":{"line":121,"column":null}},"type":"binary-expr","locations":[{"start":{"line":121,"column":12},"end":{"line":121,"column":34}},{"start":{"line":121,"column":34},"end":{"line":121,"column":null}}]},"17":{"loc":{"start":{"line":122,"column":12},"end":{"line":122,"column":null}},"type":"binary-expr","locations":[{"start":{"line":122,"column":12},"end":{"line":122,"column":25}},{"start":{"line":122,"column":25},"end":{"line":122,"column":null}}]},"18":{"loc":{"start":{"line":123,"column":14},"end":{"line":123,"column":null}},"type":"binary-expr","locations":[{"start":{"line":123,"column":14},"end":{"line":123,"column":29}},{"start":{"line":123,"column":29},"end":{"line":123,"column":null}}]},"19":{"loc":{"start":{"line":124,"column":14},"end":{"line":124,"column":null}},"type":"binary-expr","locations":[{"start":{"line":124,"column":14},"end":{"line":124,"column":29}},{"start":{"line":124,"column":29},"end":{"line":124,"column":null}}]},"20":{"loc":{"start":{"line":141,"column":4},"end":{"line":143,"column":null}},"type":"if","locations":[{"start":{"line":141,"column":4},"end":{"line":143,"column":null}},{"start":{},"end":{}}]},"21":{"loc":{"start":{"line":153,"column":4},"end":{"line":153,"column":null}},"type":"if","locations":[{"start":{"line":153,"column":4},"end":{"line":153,"column":null}},{"start":{},"end":{}}]},"22":{"loc":{"start":{"line":157,"column":4},"end":{"line":162,"column":null}},"type":"if","locations":[{"start":{"line":157,"column":4},"end":{"line":162,"column":null}},{"start":{"line":159,"column":11},"end":{"line":162,"column":null}}]},"23":{"loc":{"start":{"line":165,"column":4},"end":{"line":175,"column":null}},"type":"if","locations":[{"start":{"line":165,"column":4},"end":{"line":175,"column":null}},{"start":{},"end":{}}]},"24":{"loc":{"start":{"line":171,"column":6},"end":{"line":174,"column":null}},"type":"if","locations":[{"start":{"line":171,"column":6},"end":{"line":174,"column":null}},{"start":{},"end":{}}]},"25":{"loc":{"start":{"line":183,"column":4},"end":{"line":183,"column":null}},"type":"if","locations":[{"start":{"line":183,"column":4},"end":{"line":183,"column":null}},{"start":{},"end":{}}]},"26":{"loc":{"start":{"line":205,"column":4},"end":{"line":207,"column":null}},"type":"if","locations":[{"start":{"line":205,"column":4},"end":{"line":207,"column":null}},{"start":{},"end":{}}]},"27":{"loc":{"start":{"line":205,"column":8},"end":{"line":205,"column":38}},"type":"binary-expr","locations":[{"start":{"line":205,"column":8},"end":{"line":205,"column":21}},{"start":{"line":205,"column":21},"end":{"line":205,"column":38}}]},"28":{"loc":{"start":{"line":211,"column":12},"end":{"line":211,"column":25}},"type":"default-arg","locations":[{"start":{"line":211,"column":21},"end":{"line":211,"column":25}}]},"29":{"loc":{"start":{"line":211,"column":25},"end":{"line":211,"column":37}},"type":"default-arg","locations":[{"start":{"line":211,"column":33},"end":{"line":211,"column":37}}]},"30":{"loc":{"start":{"line":211,"column":37},"end":{"line":211,"column":55}},"type":"default-arg","locations":[{"start":{"line":211,"column":51},"end":{"line":211,"column":55}}]},"31":{"loc":{"start":{"line":211,"column":55},"end":{"line":211,"column":66}},"type":"default-arg","locations":[{"start":{"line":211,"column":62},"end":{"line":211,"column":66}}]},"32":{"loc":{"start":{"line":211,"column":66},"end":{"line":211,"column":79}},"type":"default-arg","locations":[{"start":{"line":211,"column":75},"end":{"line":211,"column":79}}]},"33":{"loc":{"start":{"line":211,"column":79},"end":{"line":211,"column":89}},"type":"default-arg","locations":[{"start":{"line":211,"column":86},"end":{"line":211,"column":89}}]},"34":{"loc":{"start":{"line":223,"column":4},"end":{"line":223,"column":null}},"type":"if","locations":[{"start":{"line":223,"column":4},"end":{"line":223,"column":null}},{"start":{},"end":{}}]},"35":{"loc":{"start":{"line":225,"column":4},"end":{"line":227,"column":null}},"type":"if","locations":[{"start":{"line":225,"column":4},"end":{"line":227,"column":null}},{"start":{},"end":{}}]},"36":{"loc":{"start":{"line":225,"column":8},"end":{"line":225,"column":51}},"type":"binary-expr","locations":[{"start":{"line":225,"column":8},"end":{"line":225,"column":25}},{"start":{"line":225,"column":25},"end":{"line":225,"column":51}}]},"37":{"loc":{"start":{"line":234,"column":23},"end":{"line":234,"column":null}},"type":"cond-expr","locations":[{"start":{"line":234,"column":32},"end":{"line":234,"column":61}},{"start":{"line":234,"column":61},"end":{"line":234,"column":null}}]},"38":{"loc":{"start":{"line":249,"column":4},"end":{"line":252,"column":null}},"type":"if","locations":[{"start":{"line":249,"column":4},"end":{"line":252,"column":null}},{"start":{},"end":{}}]},"39":{"loc":{"start":{"line":264,"column":13},"end":{"line":264,"column":null}},"type":"binary-expr","locations":[{"start":{"line":264,"column":13},"end":{"line":264,"column":22}},{"start":{"line":264,"column":22},"end":{"line":264,"column":null}}]},"40":{"loc":{"start":{"line":265,"column":19},"end":{"line":265,"column":null}},"type":"binary-expr","locations":[{"start":{"line":265,"column":19},"end":{"line":265,"column":34}},{"start":{"line":265,"column":34},"end":{"line":265,"column":null}}]},"41":{"loc":{"start":{"line":267,"column":14},"end":{"line":267,"column":null}},"type":"binary-expr","locations":[{"start":{"line":267,"column":14},"end":{"line":267,"column":24}},{"start":{"line":267,"column":24},"end":{"line":267,"column":null}}]},"42":{"loc":{"start":{"line":269,"column":21},"end":{"line":269,"column":null}},"type":"binary-expr","locations":[{"start":{"line":269,"column":21},"end":{"line":269,"column":29}},{"start":{"line":269,"column":21},"end":{"line":269,"column":null}}]},"43":{"loc":{"start":{"line":287,"column":4},"end":{"line":298,"column":null}},"type":"if","locations":[{"start":{"line":287,"column":4},"end":{"line":298,"column":null}},{"start":{},"end":{}}]}},"s":{"0":4,"1":2,"2":2,"3":2,"4":2,"5":1,"6":1,"7":1,"8":1,"9":1,"10":1,"11":1,"12":1,"13":1,"14":4,"15":1,"16":1,"17":1,"18":0,"19":1,"20":0,"21":0,"22":4,"23":2,"24":2,"25":2,"26":1,"27":1,"28":1,"29":1,"30":0,"31":1,"32":1,"33":1,"34":4,"35":3,"36":3,"37":3,"38":1,"39":2,"40":2,"41":0,"42":2,"43":2,"44":0,"45":2,"46":2,"47":2,"48":1,"49":2,"50":2,"51":0,"52":2,"53":1,"54":1,"55":4,"56":3,"57":3,"58":3,"59":1,"60":2,"61":2,"62":2,"63":2,"64":0,"65":2,"66":1,"67":1,"68":1,"69":1,"70":1,"71":1,"72":1,"73":1,"74":0,"75":0,"76":1,"77":1,"78":1,"79":1,"80":1,"81":1,"82":0,"83":0,"84":0,"85":0,"86":0,"87":1,"88":2,"89":2},"f":{"0":2,"1":1,"2":1,"3":2,"4":3,"5":3},"b":{"0":[1,1],"1":[1,0],"2":[1,0],"3":[1,0],"4":[1,0],"5":[1,0],"6":[1,0],"7":[1,0],"8":[1,0],"9":[1,1],"10":[1,1],"11":[1,1],"12":[1],"13":[0,1],"14":[1,1],"15":[0,1],"16":[1,0],"17":[1,0],"18":[1,0],"19":[1,0],"20":[1,2],"21":[0,2],"22":[2,0],"23":[2,0],"24":[1,1],"25":[0,2],"26":[1,2],"27":[3,3],"28":[0],"29":[0],"30":[0],"31":[0],"32":[0],"33":[0],"34":[0,2],"35":[1,1],"36":[2,2],"37":[1,0],"38":[0,1],"39":[1,0],"40":[1,0],"41":[1,0],"42":[1,0],"43":[0,1]}}
,"/Users/kamogelokhumalo/Documents/school/sd/update/CICADA/src/services/api/publicDocumentService.ts": {"path":"/Users/kamogelokhumalo/Documents/school/sd/update/CICADA/src/services/api/publicDocumentService.ts","statementMap":{"0":{"start":{"line":7,"column":25},"end":{"line":15,"column":null}},"1":{"start":{"line":21,"column":36},"end":{"line":70,"column":null}},"2":{"start":{"line":22,"column":2},"end":{"line":69,"column":null}},"3":{"start":{"line":23,"column":4},"end":{"line":23,"column":null}},"4":{"start":{"line":26,"column":28},"end":{"line":35,"column":null}},"5":{"start":{"line":37,"column":4},"end":{"line":40,"column":null}},"6":{"start":{"line":38,"column":6},"end":{"line":38,"column":null}},"7":{"start":{"line":39,"column":6},"end":{"line":39,"column":null}},"8":{"start":{"line":42,"column":4},"end":{"line":42,"column":null}},"9":{"start":{"line":45,"column":22},"end":{"line":61,"column":null}},"10":{"start":{"line":45,"column":47},"end":{"line":61,"column":6}},"11":{"start":{"line":63,"column":4},"end":{"line":63,"column":null}},"12":{"start":{"line":64,"column":4},"end":{"line":64,"column":null}},"13":{"start":{"line":67,"column":4},"end":{"line":67,"column":null}},"14":{"start":{"line":68,"column":4},"end":{"line":68,"column":null}},"15":{"start":{"line":77,"column":36},"end":{"line":125,"column":null}},"16":{"start":{"line":78,"column":2},"end":{"line":124,"column":null}},"17":{"start":{"line":80,"column":31},"end":{"line":80,"column":null}},"18":{"start":{"line":81,"column":4},"end":{"line":83,"column":null}},"19":{"start":{"line":82,"column":6},"end":{"line":82,"column":null}},"20":{"start":{"line":86,"column":4},"end":{"line":88,"column":null}},"21":{"start":{"line":87,"column":6},"end":{"line":87,"column":null}},"22":{"start":{"line":91,"column":23},"end":{"line":98,"column":null}},"23":{"start":{"line":101,"column":28},"end":{"line":107,"column":null}},"24":{"start":{"line":109,"column":4},"end":{"line":109,"column":null}},"25":{"start":{"line":109,"column":15},"end":{"line":109,"column":null}},"26":{"start":{"line":112,"column":4},"end":{"line":120,"column":null}},"27":{"start":{"line":122,"column":4},"end":{"line":122,"column":null}},"28":{"start":{"line":123,"column":4},"end":{"line":123,"column":null}},"29":{"start":{"line":132,"column":36},"end":{"line":187,"column":null}},"30":{"start":{"line":133,"column":2},"end":{"line":186,"column":null}},"31":{"start":{"line":135,"column":31},"end":{"line":135,"column":null}},"32":{"start":{"line":136,"column":4},"end":{"line":138,"column":null}},"33":{"start":{"line":137,"column":6},"end":{"line":137,"column":null}},"34":{"start":{"line":141,"column":54},"end":{"line":146,"column":null}},"35":{"start":{"line":148,"column":4},"end":{"line":148,"column":null}},"36":{"start":{"line":148,"column":20},"end":{"line":148,"column":null}},"37":{"start":{"line":152,"column":4},"end":{"line":158,"column":null}},"38":{"start":{"line":153,"column":6},"end":{"line":153,"column":null}},"39":{"start":{"line":156,"column":27},"end":{"line":156,"column":null}},"40":{"start":{"line":157,"column":6},"end":{"line":157,"column":null}},"41":{"start":{"line":161,"column":4},"end":{"line":171,"column":null}},"42":{"start":{"line":162,"column":38},"end":{"line":165,"column":null}},"43":{"start":{"line":167,"column":6},"end":{"line":170,"column":null}},"44":{"start":{"line":168,"column":8},"end":{"line":168,"column":null}},"45":{"start":{"line":174,"column":22},"end":{"line":178,"column":null}},"46":{"start":{"line":180,"column":4},"end":{"line":180,"column":null}},"47":{"start":{"line":180,"column":15},"end":{"line":180,"column":null}},"48":{"start":{"line":182,"column":4},"end":{"line":182,"column":null}},"49":{"start":{"line":184,"column":4},"end":{"line":184,"column":null}},"50":{"start":{"line":185,"column":4},"end":{"line":185,"column":null}},"51":{"start":{"line":195,"column":36},"end":{"line":316,"column":null}},"52":{"start":{"line":199,"column":2},"end":{"line":315,"column":null}},"53":{"start":{"line":201,"column":49},"end":{"line":201,"column":null}},"54":{"start":{"line":202,"column":4},"end":{"line":204,"column":null}},"55":{"start":{"line":203,"column":6},"end":{"line":203,"column":null}},"56":{"start":{"line":206,"column":4},"end":{"line":206,"column":null}},"57":{"start":{"line":209,"column":98},"end":{"line":209,"column":null}},"58":{"start":{"line":212,"column":4},"end":{"line":214,"column":null}},"59":{"start":{"line":213,"column":6},"end":{"line":213,"column":null}},"60":{"start":{"line":217,"column":55},"end":{"line":222,"column":null}},"61":{"start":{"line":224,"column":4},"end":{"line":224,"column":null}},"62":{"start":{"line":224,"column":20},"end":{"line":224,"column":null}},"63":{"start":{"line":226,"column":4},"end":{"line":228,"column":null}},"64":{"start":{"line":227,"column":6},"end":{"line":227,"column":null}},"65":{"start":{"line":231,"column":22},"end":{"line":231,"column":null}},"66":{"start":{"line":232,"column":25},"end":{"line":232,"column":null}},"67":{"start":{"line":235,"column":25},"end":{"line":235,"column":null}},"68":{"start":{"line":236,"column":24},"end":{"line":236,"column":null}},"69":{"start":{"line":238,"column":4},"end":{"line":238,"column":null}},"70":{"start":{"line":241,"column":55},"end":{"line":248,"column":null}},"71":{"start":{"line":250,"column":4},"end":{"line":253,"column":null}},"72":{"start":{"line":251,"column":6},"end":{"line":251,"column":null}},"73":{"start":{"line":252,"column":6},"end":{"line":252,"column":null}},"74":{"start":{"line":256,"column":30},"end":{"line":259,"column":null}},"75":{"start":{"line":261,"column":20},"end":{"line":261,"column":null}},"76":{"start":{"line":262,"column":4},"end":{"line":262,"column":null}},"77":{"start":{"line":265,"column":25},"end":{"line":281,"column":null}},"78":{"start":{"line":283,"column":4},"end":{"line":283,"column":null}},"79":{"start":{"line":286,"column":28},"end":{"line":290,"column":null}},"80":{"start":{"line":292,"column":4},"end":{"line":303,"column":null}},"81":{"start":{"line":293,"column":6},"end":{"line":293,"column":null}},"82":{"start":{"line":296,"column":6},"end":{"line":300,"column":null}},"83":{"start":{"line":297,"column":8},"end":{"line":297,"column":null}},"84":{"start":{"line":299,"column":8},"end":{"line":299,"column":null}},"85":{"start":{"line":302,"column":6},"end":{"line":302,"column":null}},"86":{"start":{"line":305,"column":4},"end":{"line":311,"column":null}},"87":{"start":{"line":313,"column":4},"end":{"line":313,"column":null}},"88":{"start":{"line":314,"column":4},"end":{"line":314,"column":null}}},"fnMap":{"0":{"name":"(anonymous_0)","decl":{"start":{"line":21,"column":36},"end":{"line":21,"column":69}},"loc":{"start":{"line":21,"column":69},"end":{"line":70,"column":null}}},"1":{"name":"(anonymous_1)","decl":{"start":{"line":45,"column":31},"end":{"line":45,"column":32}},"loc":{"start":{"line":45,"column":47},"end":{"line":61,"column":6}}},"2":{"name":"(anonymous_2)","decl":{"start":{"line":77,"column":36},"end":{"line":77,"column":43}},"loc":{"start":{"line":77,"column":85},"end":{"line":125,"column":null}}},"3":{"name":"(anonymous_3)","decl":{"start":{"line":132,"column":36},"end":{"line":132,"column":43}},"loc":{"start":{"line":132,"column":76},"end":{"line":187,"column":null}}},"4":{"name":"(anonymous_4)","decl":{"start":{"line":195,"column":36},"end":{"line":195,"column":null}},"loc":{"start":{"line":198,"column":38},"end":{"line":316,"column":null}}}},"branchMap":{"0":{"loc":{"start":{"line":37,"column":4},"end":{"line":40,"column":null}},"type":"if","locations":[{"start":{"line":37,"column":4},"end":{"line":40,"column":null}},{"start":{},"end":{}}]},"1":{"loc":{"start":{"line":48,"column":13},"end":{"line":48,"column":null}},"type":"binary-expr","locations":[{"start":{"line":48,"column":13},"end":{"line":48,"column":27}},{"start":{"line":48,"column":27},"end":{"line":48,"column":null}}]},"2":{"loc":{"start":{"line":49,"column":19},"end":{"line":49,"column":null}},"type":"binary-expr","locations":[{"start":{"line":49,"column":19},"end":{"line":49,"column":39}},{"start":{"line":49,"column":39},"end":{"line":49,"column":null}}]},"3":{"loc":{"start":{"line":50,"column":12},"end":{"line":50,"column":null}},"type":"binary-expr","locations":[{"start":{"line":50,"column":12},"end":{"line":50,"column":47}},{"start":{"line":50,"column":47},"end":{"line":50,"column":null}}]},"4":{"loc":{"start":{"line":51,"column":12},"end":{"line":51,"column":null}},"type":"binary-expr","locations":[{"start":{"line":51,"column":12},"end":{"line":51,"column":34}},{"start":{"line":51,"column":34},"end":{"line":51,"column":null}}]},"5":{"loc":{"start":{"line":52,"column":12},"end":{"line":52,"column":null}},"type":"binary-expr","locations":[{"start":{"line":52,"column":12},"end":{"line":52,"column":25}},{"start":{"line":52,"column":25},"end":{"line":52,"column":null}}]},"6":{"loc":{"start":{"line":53,"column":14},"end":{"line":53,"column":null}},"type":"binary-expr","locations":[{"start":{"line":53,"column":14},"end":{"line":53,"column":29}},{"start":{"line":53,"column":29},"end":{"line":53,"column":null}}]},"7":{"loc":{"start":{"line":55,"column":12},"end":{"line":55,"column":null}},"type":"binary-expr","locations":[{"start":{"line":55,"column":12},"end":{"line":55,"column":35}},{"start":{"line":55,"column":35},"end":{"line":55,"column":null}}]},"8":{"loc":{"start":{"line":57,"column":14},"end":{"line":57,"column":null}},"type":"binary-expr","locations":[{"start":{"line":57,"column":14},"end":{"line":57,"column":31}},{"start":{"line":57,"column":31},"end":{"line":57,"column":null}}]},"9":{"loc":{"start":{"line":58,"column":18},"end":{"line":58,"column":null}},"type":"binary-expr","locations":[{"start":{"line":58,"column":18},"end":{"line":58,"column":37}},{"start":{"line":58,"column":37},"end":{"line":58,"column":null}}]},"10":{"loc":{"start":{"line":59,"column":23},"end":{"line":59,"column":null}},"type":"binary-expr","locations":[{"start":{"line":59,"column":23},"end":{"line":59,"column":47}},{"start":{"line":59,"column":47},"end":{"line":59,"column":null}}]},"11":{"loc":{"start":{"line":60,"column":20},"end":{"line":60,"column":null}},"type":"binary-expr","locations":[{"start":{"line":60,"column":20},"end":{"line":60,"column":41}},{"start":{"line":60,"column":41},"end":{"line":60,"column":null}}]},"12":{"loc":{"start":{"line":81,"column":4},"end":{"line":83,"column":null}},"type":"if","locations":[{"start":{"line":81,"column":4},"end":{"line":83,"column":null}},{"start":{},"end":{}}]},"13":{"loc":{"start":{"line":86,"column":4},"end":{"line":88,"column":null}},"type":"if","locations":[{"start":{"line":86,"column":4},"end":{"line":88,"column":null}},{"start":{},"end":{}}]},"14":{"loc":{"start":{"line":109,"column":4},"end":{"line":109,"column":null}},"type":"if","locations":[{"start":{"line":109,"column":4},"end":{"line":109,"column":null}},{"start":{},"end":{}}]},"15":{"loc":{"start":{"line":116,"column":12},"end":{"line":116,"column":null}},"type":"binary-expr","locations":[{"start":{"line":116,"column":12},"end":{"line":116,"column":34}},{"start":{"line":116,"column":34},"end":{"line":116,"column":null}}]},"16":{"loc":{"start":{"line":117,"column":12},"end":{"line":117,"column":null}},"type":"binary-expr","locations":[{"start":{"line":117,"column":12},"end":{"line":117,"column":25}},{"start":{"line":117,"column":25},"end":{"line":117,"column":null}}]},"17":{"loc":{"start":{"line":118,"column":14},"end":{"line":118,"column":null}},"type":"binary-expr","locations":[{"start":{"line":118,"column":14},"end":{"line":118,"column":29}},{"start":{"line":118,"column":29},"end":{"line":118,"column":null}}]},"18":{"loc":{"start":{"line":119,"column":14},"end":{"line":119,"column":null}},"type":"binary-expr","locations":[{"start":{"line":119,"column":14},"end":{"line":119,"column":31}},{"start":{"line":119,"column":31},"end":{"line":119,"column":null}}]},"19":{"loc":{"start":{"line":136,"column":4},"end":{"line":138,"column":null}},"type":"if","locations":[{"start":{"line":136,"column":4},"end":{"line":138,"column":null}},{"start":{},"end":{}}]},"20":{"loc":{"start":{"line":148,"column":4},"end":{"line":148,"column":null}},"type":"if","locations":[{"start":{"line":148,"column":4},"end":{"line":148,"column":null}},{"start":{},"end":{}}]},"21":{"loc":{"start":{"line":152,"column":4},"end":{"line":158,"column":null}},"type":"if","locations":[{"start":{"line":152,"column":4},"end":{"line":158,"column":null}},{"start":{"line":154,"column":11},"end":{"line":158,"column":null}}]},"22":{"loc":{"start":{"line":161,"column":4},"end":{"line":171,"column":null}},"type":"if","locations":[{"start":{"line":161,"column":4},"end":{"line":171,"column":null}},{"start":{},"end":{}}]},"23":{"loc":{"start":{"line":167,"column":6},"end":{"line":170,"column":null}},"type":"if","locations":[{"start":{"line":167,"column":6},"end":{"line":170,"column":null}},{"start":{},"end":{}}]},"24":{"loc":{"start":{"line":180,"column":4},"end":{"line":180,"column":null}},"type":"if","locations":[{"start":{"line":180,"column":4},"end":{"line":180,"column":null}},{"start":{},"end":{}}]},"25":{"loc":{"start":{"line":202,"column":4},"end":{"line":204,"column":null}},"type":"if","locations":[{"start":{"line":202,"column":4},"end":{"line":204,"column":null}},{"start":{},"end":{}}]},"26":{"loc":{"start":{"line":202,"column":8},"end":{"line":202,"column":38}},"type":"binary-expr","locations":[{"start":{"line":202,"column":8},"end":{"line":202,"column":21}},{"start":{"line":202,"column":21},"end":{"line":202,"column":38}}]},"27":{"loc":{"start":{"line":209,"column":12},"end":{"line":209,"column":30}},"type":"default-arg","locations":[{"start":{"line":209,"column":21},"end":{"line":209,"column":30}}]},"28":{"loc":{"start":{"line":209,"column":30},"end":{"line":209,"column":42}},"type":"default-arg","locations":[{"start":{"line":209,"column":38},"end":{"line":209,"column":42}}]},"29":{"loc":{"start":{"line":209,"column":42},"end":{"line":209,"column":60}},"type":"default-arg","locations":[{"start":{"line":209,"column":56},"end":{"line":209,"column":60}}]},"30":{"loc":{"start":{"line":209,"column":60},"end":{"line":209,"column":71}},"type":"default-arg","locations":[{"start":{"line":209,"column":67},"end":{"line":209,"column":71}}]},"31":{"loc":{"start":{"line":209,"column":71},"end":{"line":209,"column":84}},"type":"default-arg","locations":[{"start":{"line":209,"column":80},"end":{"line":209,"column":84}}]},"32":{"loc":{"start":{"line":209,"column":84},"end":{"line":209,"column":94}},"type":"default-arg","locations":[{"start":{"line":209,"column":91},"end":{"line":209,"column":94}}]},"33":{"loc":{"start":{"line":212,"column":4},"end":{"line":214,"column":null}},"type":"if","locations":[{"start":{"line":212,"column":4},"end":{"line":214,"column":null}},{"start":{},"end":{}}]},"34":{"loc":{"start":{"line":224,"column":4},"end":{"line":224,"column":null}},"type":"if","locations":[{"start":{"line":224,"column":4},"end":{"line":224,"column":null}},{"start":{},"end":{}}]},"35":{"loc":{"start":{"line":226,"column":4},"end":{"line":228,"column":null}},"type":"if","locations":[{"start":{"line":226,"column":4},"end":{"line":228,"column":null}},{"start":{},"end":{}}]},"36":{"loc":{"start":{"line":226,"column":8},"end":{"line":226,"column":51}},"type":"binary-expr","locations":[{"start":{"line":226,"column":8},"end":{"line":226,"column":25}},{"start":{"line":226,"column":25},"end":{"line":226,"column":51}}]},"37":{"loc":{"start":{"line":250,"column":4},"end":{"line":253,"column":null}},"type":"if","locations":[{"start":{"line":250,"column":4},"end":{"line":253,"column":null}},{"start":{},"end":{}}]},"38":{"loc":{"start":{"line":269,"column":13},"end":{"line":269,"column":null}},"type":"binary-expr","locations":[{"start":{"line":269,"column":13},"end":{"line":269,"column":22}},{"start":{"line":269,"column":22},"end":{"line":269,"column":null}}]},"39":{"loc":{"start":{"line":270,"column":19},"end":{"line":270,"column":null}},"type":"binary-expr","locations":[{"start":{"line":270,"column":19},"end":{"line":270,"column":34}},{"start":{"line":270,"column":34},"end":{"line":270,"column":null}}]},"40":{"loc":{"start":{"line":272,"column":14},"end":{"line":272,"column":null}},"type":"binary-expr","locations":[{"start":{"line":272,"column":14},"end":{"line":272,"column":24}},{"start":{"line":272,"column":24},"end":{"line":272,"column":null}}]},"41":{"loc":{"start":{"line":274,"column":21},"end":{"line":274,"column":null}},"type":"binary-expr","locations":[{"start":{"line":274,"column":21},"end":{"line":274,"column":29}},{"start":{"line":274,"column":21},"end":{"line":274,"column":null}}]},"42":{"loc":{"start":{"line":292,"column":4},"end":{"line":303,"column":null}},"type":"if","locations":[{"start":{"line":292,"column":4},"end":{"line":303,"column":null}},{"start":{},"end":{}}]}},"s":{"0":4,"1":4,"2":2,"3":2,"4":2,"5":2,"6":1,"7":1,"8":1,"9":1,"10":1,"11":1,"12":1,"13":1,"14":1,"15":4,"16":3,"17":3,"18":3,"19":1,"20":2,"21":1,"22":1,"23":1,"24":1,"25":0,"26":1,"27":2,"28":2,"29":4,"30":2,"31":2,"32":2,"33":1,"34":1,"35":1,"36":0,"37":1,"38":1,"39":0,"40":0,"41":1,"42":1,"43":1,"44":0,"45":1,"46":1,"47":0,"48":1,"49":1,"50":1,"51":4,"52":3,"53":3,"54":3,"55":1,"56":2,"57":2,"58":2,"59":1,"60":1,"61":1,"62":0,"63":1,"64":0,"65":1,"66":1,"67":1,"68":1,"69":1,"70":1,"71":1,"72":0,"73":0,"74":1,"75":1,"76":1,"77":1,"78":1,"79":1,"80":1,"81":0,"82":0,"83":0,"84":0,"85":0,"86":1,"87":2,"88":2},"f":{"0":2,"1":1,"2":3,"3":2,"4":3},"b":{"0":[1,1],"1":[1,0],"2":[1,0],"3":[1,0],"4":[1,0],"5":[1,0],"6":[1,0],"7":[1,0],"8":[1,0],"9":[1,1],"10":[1,1],"11":[1,1],"12":[1,2],"13":[1,1],"14":[0,1],"15":[1,0],"16":[1,0],"17":[1,0],"18":[1,0],"19":[1,1],"20":[0,1],"21":[1,0],"22":[1,0],"23":[0,1],"24":[0,1],"25":[1,2],"26":[3,3],"27":[0],"28":[0],"29":[0],"30":[0],"31":[0],"32":[0],"33":[1,1],"34":[0,1],"35":[0,1],"36":[1,0],"37":[0,1],"38":[1,0],"39":[1,0],"40":[1,0],"41":[1,0],"42":[0,1]}}
}
